2025-10-30 21:57:48,633 - INFO - Запуск основной программы автоматизации (простая версия)...
2025-10-30 21:57:48,633 - INFO - Поиск окна Telegram...
2025-10-30 21:57:48,652 - INFO - Найден процесс Telegram: Telegram.exe
2025-10-30 21:57:48,653 - INFO - Активация окна Telegram...
2025-10-30 21:57:50,197 - INFO - Окно Telegram должно быть активно.
2025-10-30 21:57:50,198 - INFO - Нажмите 'q' для остановки.
2025-10-30 21:57:50,302 - INFO - Работа в окне #1
2025-10-30 21:57:50,302 - INFO - Проверка на наличие рекламы...
2025-10-30 21:57:52,747 - INFO - Реклама не обнаружена.
2025-10-30 21:57:52,748 - INFO - Поиск изображения 'heart_button.png' в нижней части экрана...
2025-10-30 21:57:52,816 - INFO - Начинаю поиск изображения heart_button.png... Это может занять время.
2025-10-30 21:57:54,393 - INFO - Изображение найдено в (835, 1084)
2025-10-30 21:57:54,394 - INFO - Изображение 'heart_button.png' найдено. Кликаю в (835, 1084).
2025-10-30 21:57:54,913 - INFO - Успешно кликнули на сердце.
2025-10-30 21:57:56,377 - INFO - Фаза настройки: переключение на окно 2/2 (2 нажатий Tab).
2025-10-30 21:57:57,623 - INFO - Фаза настройки завершена. Все окна выстроены.
2025-10-30 21:57:58,248 - INFO - Переключение выполнено.
2025-10-30 21:57:58,765 - INFO - Работа в окне #1
2025-10-30 21:57:58,766 - INFO - Проверка на наличие рекламы...
2025-10-30 21:58:01,187 - INFO - Реклама не обнаружена.
2025-10-30 21:58:01,188 - INFO - Поиск изображения 'heart_button.png' в нижней части экрана...
2025-10-30 21:58:01,247 - INFO - Начинаю поиск изображения heart_button.png... Это может занять время.
2025-10-30 21:58:03,006 - INFO - Изображение найдено в (841, 1102)
2025-10-30 21:58:03,007 - INFO - Изображение 'heart_button.png' найдено. Кликаю в (841, 1102).
2025-10-30 21:58:03,531 - INFO - Успешно кликнули на сердце.
2025-10-30 21:58:05,102 - INFO - Рабочая фаза: переключение на следующее окно.
2025-10-30 21:58:06,292 - INFO - Переключение выполнено.
2025-10-30 21:58:06,806 - INFO - Работа в окне #2
2025-10-30 21:58:06,807 - INFO - Проверка на наличие рекламы...
2025-10-30 21:58:09,428 - INFO - Реклама не обнаружена.
2025-10-30 21:58:09,429 - INFO - Поиск изображения 'heart_button.png' в нижней части экрана...
2025-10-30 21:58:09,472 - INFO - Начинаю поиск изображения heart_button.png... Это может занять время.
2025-10-30 21:58:10,758 - INFO - Изображение найдено в (821, 1084)
2025-10-30 21:58:10,759 - INFO - Изображение 'heart_button.png' найдено. Кликаю в (821, 1084).
2025-10-30 21:58:11,278 - INFO - Успешно кликнули на сердце.
2025-10-30 21:58:12,543 - INFO - Рабочая фаза: переключение на следующее окно.
2025-10-30 21:58:13,742 - INFO - Переключение выполнено.
2025-10-30 21:58:14,256 - INFO - Работа в окне #1
2025-10-30 21:58:14,257 - INFO - Проверка на наличие рекламы...
2025-10-30 21:58:16,710 - INFO - Реклама не обнаружена.
2025-10-30 21:58:16,711 - INFO - Поиск изображения 'heart_button.png' в нижней части экрана...
2025-10-30 21:58:16,755 - INFO - Начинаю поиск изображения heart_button.png... Это может занять время.
2025-10-30 21:58:17,864 - INFO - Изображение найдено в (821, 1040)
2025-10-30 21:58:17,865 - INFO - Изображение 'heart_button.png' найдено. Кликаю в (821, 1040).
2025-10-30 21:58:18,384 - INFO - Успешно кликнули на сердце.
2025-10-30 21:58:19,692 - INFO - Рабочая фаза: переключение на следующее окно.
2025-10-30 21:58:20,890 - INFO - Переключение выполнено.
2025-10-30 21:58:21,391 - INFO - Работа в окне #2
2025-10-30 21:58:21,392 - INFO - Проверка на наличие рекламы...
2025-10-30 21:58:23,720 - INFO - Реклама не обнаружена.
2025-10-30 21:58:23,721 - INFO - Поиск изображения 'heart_button.png' в нижней части экрана...
2025-10-30 21:58:23,774 - INFO - Начинаю поиск изображения heart_button.png... Это может занять время.
2025-10-30 21:58:29,044 - INFO - Изображение не найдено, пробую снова через 1 секунду...
2025-10-30 21:58:30,129 - INFO - Начинаю поиск изображения heart_button.png... Это может занять время.
2025-10-30 21:58:31,839 - INFO - Изображение найдено в (821, 1084)
2025-10-30 21:58:31,839 - INFO - Изображение 'heart_button.png' найдено. Кликаю в (821, 1084).
2025-10-30 21:58:32,345 - INFO - Успешно кликнули на сердце.
2025-10-30 21:58:33,812 - INFO - Рабочая фаза: переключение на следующее окно.
2025-10-30 21:58:34,951 - INFO - Переключение выполнено.
2025-10-30 21:58:35,464 - INFO - Работа в окне #1
2025-10-30 21:58:35,466 - INFO - Проверка на наличие рекламы...
2025-11-05 00:23:18,381 - INFO - Запуск основной программы автоматизации (простая версия)...
2025-11-05 00:23:18,387 - INFO - Поиск окна Telegram...
2025-11-05 00:23:18,408 - INFO - Найден процесс Telegram: Telegram.exe
2025-11-05 00:23:18,409 - INFO - Активация окна Telegram...
2025-11-05 00:23:19,964 - INFO - Окно Telegram должно быть активно.
2025-11-05 00:23:19,967 - INFO - Нажмите 'q' для остановки.
2025-11-05 00:23:20,104 - INFO - Работа в окне #1
2025-11-05 00:23:20,105 - INFO - Проверка на наличие рекламы...
2025-11-05 00:23:24,525 - INFO - Реклама не обнаружена.
2025-11-05 00:23:24,526 - INFO - Поиск изображения 'heart_button.png' в нижней части экрана...
2025-11-05 00:23:24,621 - INFO - Начинаю поиск изображения heart_button.png... Это может занять время.
2025-11-05 00:23:27,582 - INFO - Изображение найдено в (831, 1084)
2025-11-05 00:23:27,584 - INFO - Изображение 'heart_button.png' найдено. Кликаю в (831, 1084).
2025-11-05 00:23:28,107 - INFO - Успешно кликнули на сердце.
2025-11-05 00:23:29,038 - INFO - Работа в окне #1
2025-11-05 00:23:29,040 - INFO - Проверка на наличие рекламы...
2025-11-05 00:23:32,212 - INFO - Реклама не обнаружена.
2025-11-05 00:23:32,213 - INFO - Поиск изображения 'heart_button.png' в нижней части экрана...
2025-11-05 00:23:32,291 - INFO - Начинаю поиск изображения heart_button.png... Это может занять время.
2025-11-05 00:23:35,814 - INFO - Изображение найдено в (827, 1084)
2025-11-05 00:23:35,816 - INFO - Изображение 'heart_button.png' найдено. Кликаю в (827, 1084).
2025-11-05 00:23:36,341 - INFO - Успешно кликнули на сердце.
2025-11-05 00:23:37,234 - INFO - Работа в окне #1
2025-11-05 00:23:37,236 - INFO - Проверка на наличие рекламы...
2025-11-05 00:23:40,459 - INFO - Реклама не обнаружена.
2025-11-05 00:23:40,461 - INFO - Поиск изображения 'heart_button.png' в нижней части экрана...
2025-11-05 00:23:40,554 - INFO - Начинаю поиск изображения heart_button.png... Это может занять время.
2025-11-05 00:23:44,898 - INFO - Изображение найдено в (819, 1084)
2025-11-05 00:23:44,898 - INFO - Изображение 'heart_button.png' найдено. Кликаю в (819, 1084).
2025-11-05 00:23:45,420 - INFO - Успешно кликнули на сердце.
2025-11-05 00:23:46,248 - INFO - Работа в окне #1
2025-11-05 00:23:46,251 - INFO - Проверка на наличие рекламы...
2025-11-05 16:22:41,201 - INFO - Запуск основной программы автоматизации (новая версия)...
2025-11-05 16:22:41,202 - INFO - Поиск окна Telegram...
2025-11-05 16:22:41,230 - INFO - Найден процесс Telegram: Telegram.exe
2025-11-05 16:22:43,318 - INFO - Нажмите 'q' для остановки.
2025-11-05 16:22:43,512 - INFO - Внешний цикл: 1 Alt+Tab
2025-11-05 16:22:45,611 - INFO - Проверка на наличие рекламы...
2025-11-05 16:22:49,966 - INFO - Реклама не обнаружена.
2025-11-05 16:22:49,967 - INFO - Поиск изображения 'heart_button.png' в нижней части экрана...
2025-11-05 16:22:50,019 - INFO - Начинаю поиск изображения heart_button.png... Это может занять время.
2025-11-05 16:22:53,322 - INFO - Изображение не найдено, пробую снова через 1 секунду...
2025-11-05 16:22:53,514 - INFO - Начинаю поиск изображения heart_button.png... Это может занять время.
2025-11-05 16:22:56,626 - INFO - Изображение не найдено, пробую снова через 1 секунду...
2025-11-05 16:22:56,790 - INFO - Начинаю поиск изображения heart_button.png... Это может занять время.
2025-11-05 16:23:25,844 - INFO - Запуск основной программы автоматизации (новая версия)...
2025-11-05 16:23:25,845 - INFO - Поиск окна Telegram...
2025-11-05 16:23:25,865 - INFO - Найден процесс Telegram: Telegram.exe
2025-11-05 16:23:28,016 - INFO - Нажмите 'q' для остановки.
2025-11-05 16:23:28,152 - INFO - Внешний цикл: 1 Alt+Tab
2025-11-05 16:23:30,340 - INFO - Проверка на наличие рекламы...
2025-11-05 16:23:33,490 - INFO - Реклама не обнаружена.
2025-11-05 16:23:33,490 - INFO - Поиск изображения 'heart_button.png' в нижней части экрана...
2025-11-05 16:23:33,546 - INFO - Начинаю поиск изображения heart_button.png... Это может занять время.
2025-11-05 16:23:38,327 - INFO - Изображение не найдено, пробую снова через 1 секунду...
2025-11-05 16:23:38,504 - INFO - Начинаю поиск изображения heart_button.png... Это может занять время.
2025-11-05 16:23:43,304 - INFO - Изображение не найдено, пробую снова через 1 секунду...
2025-11-05 16:23:43,503 - INFO - Начинаю поиск изображения heart_button.png... Это может занять время.
2025-11-05 16:23:48,325 - INFO - Изображение не найдено, пробую снова через 1 секунду...
2025-11-05 16:23:48,431 - WARNING - Изображение 'heart_button.png' не найдено за 10 секунд.
2025-11-05 16:23:48,434 - WARNING - Кнопка с сердцем не найдена.
2025-11-05 16:24:23,758 - INFO - Запуск основной программы автоматизации (новая версия)...
2025-11-05 16:24:23,759 - INFO - Поиск окна Telegram...
2025-11-05 16:24:23,778 - INFO - Найден процесс Telegram: Telegram.exe
2025-11-05 16:24:23,778 - INFO - Нажмите 'q' для остановки.
2025-11-05 16:24:23,897 - INFO - Внешний цикл: 1 Alt+Tab
2025-11-05 16:24:26,031 - INFO - Проверка на наличие рекламы...
2025-11-05 16:24:28,491 - INFO - Реклама не обнаружена.
2025-11-05 16:24:28,491 - INFO - Поиск изображения 'heart_button.png' в нижней части экрана...
2025-11-05 16:24:28,537 - INFO - Начинаю поиск изображения heart_button.png... Это может занять время.
2025-11-05 16:24:29,511 - INFO - Изображение найдено в (841, 1159)
2025-11-05 16:24:29,512 - INFO - Изображение 'heart_button.png' найдено. Кликаю в (841, 1159).
2025-11-05 16:24:30,029 - INFO - Успешно кликнули на сердце.
2025-11-05 16:24:30,869 - INFO - Внутренний цикл: 1 Alt+Tab
2025-11-05 16:24:33,045 - INFO - Проверка на наличие рекламы...
2025-11-05 16:24:37,686 - INFO - Реклама не обнаружена.
2025-11-05 16:24:37,687 - INFO - Поиск изображения 'heart_button.png' в нижней части экрана...
2025-11-05 16:24:37,758 - INFO - Начинаю поиск изображения heart_button.png... Это может занять время.
2025-11-05 16:24:38,586 - INFO - Изображение не найдено, пробую снова через 1 секунду...
2025-11-05 16:24:38,761 - INFO - Начинаю поиск изображения heart_button.png... Это может занять время.
2025-11-05 16:24:39,605 - INFO - Изображение не найдено, пробую снова через 1 секунду...
2025-11-05 16:24:39,776 - INFO - Начинаю поиск изображения heart_button.png... Это может занять время.
2025-11-05 16:24:40,622 - INFO - Изображение не найдено, пробую снова через 1 секунду...
2025-11-05 16:24:40,797 - INFO - Начинаю поиск изображения heart_button.png... Это может занять время.
2025-11-05 16:24:41,626 - INFO - Изображение не найдено, пробую снова через 1 секунду...
2025-11-05 16:28:05,123 - INFO - Запуск основной программы автоматизации (новая версия)...
2025-11-05 16:28:05,123 - INFO - Поиск окна Telegram...
2025-11-05 16:28:05,142 - INFO - Найден процесс Telegram: Telegram.exe
2025-11-05 16:28:05,143 - INFO - Нажмите 'q' для остановки.
2025-11-05 16:28:05,143 - INFO - Внешний цикл: 2 Alt+Tab
2025-11-05 16:28:07,900 - INFO - Проверка на наличие рекламы...
2025-11-05 16:28:10,442 - INFO - Реклама не обнаружена.
2025-11-05 16:28:10,443 - INFO - Поиск изображения 'heart_button.png' в нижней части экрана...
2025-11-05 16:28:10,497 - INFO - Начинаю поиск изображения heart_button.png... Это может занять время.
2025-11-05 16:28:12,058 - INFO - Изображение найдено в (821, 1159)
2025-11-05 16:28:12,059 - INFO - Изображение 'heart_button.png' найдено. Кликаю в (821, 1159).
2025-11-05 16:28:12,589 - INFO - Успешно кликнули на сердце.
2025-11-05 16:28:13,619 - INFO - Внешний цикл: 3 Alt+Tab
2025-11-05 16:29:19,047 - INFO - Запуск основной программы автоматизации (новая версия)...
2025-11-05 16:29:19,048 - INFO - Поиск окна Telegram...
2025-11-05 16:29:19,067 - INFO - Найден процесс Telegram: Telegram.exe
2025-11-05 16:29:19,067 - INFO - Нажмите 'q' для остановки.
2025-11-05 16:29:21,281 - INFO - Проверка на наличие рекламы...
2025-11-05 16:29:23,465 - INFO - Найдена кнопка пропуска рекламы 'ладно' в (723, 878). Кликаю.
2025-11-05 16:29:24,505 - INFO - Реклама обработана.
2025-11-05 16:29:24,505 - INFO - Внешний цикл: 2 Alt+Tab
2025-11-05 16:29:27,265 - INFO - Проверка на наличие рекламы...
2025-11-05 16:29:29,792 - INFO - Реклама не обнаружена.
2025-11-05 16:29:29,793 - INFO - Поиск изображения 'heart_button.png' в нижней части экрана...
2025-11-05 16:29:29,837 - INFO - Начинаю поиск изображения heart_button.png... Это может занять время.
2025-11-05 16:29:30,726 - INFO - Изображение найдено в (828, 1159)
2025-11-05 16:29:30,727 - INFO - Изображение 'heart_button.png' найдено. Кликаю в (828, 1159).
2025-11-05 16:29:31,252 - INFO - Успешно кликнули на сердце.
2025-11-05 16:29:32,170 - INFO - Внешний цикл: 3 Alt+Tab
2025-11-05 16:29:35,552 - INFO - Проверка на наличие рекламы...
2025-11-05 16:29:39,080 - INFO - Реклама не обнаружена.
2025-11-05 16:29:39,081 - INFO - Поиск изображения 'heart_button.png' в нижней части экрана...
2025-11-05 16:29:39,149 - INFO - Начинаю поиск изображения heart_button.png... Это может занять время.
2025-11-05 16:30:05,091 - INFO - Запуск основной программы автоматизации (новая версия)...
2025-11-05 16:30:05,091 - INFO - Поиск окна Telegram...
2025-11-05 16:30:05,109 - INFO - Найден процесс Telegram: Telegram.exe
2025-11-05 16:30:05,110 - INFO - Нажмите 'q' для остановки.
2025-11-05 16:30:07,288 - INFO - Проверка на наличие рекламы...
2025-11-05 16:30:09,772 - INFO - Реклама не обнаружена.
2025-11-05 16:30:09,773 - INFO - Поиск изображения 'heart_button.png' в нижней части экрана...
2025-11-05 16:30:09,825 - INFO - Начинаю поиск изображения heart_button.png... Это может занять время.
2025-11-05 16:30:11,175 - INFO - Изображение найдено в (841, 1159)
2025-11-05 16:30:11,175 - INFO - Изображение 'heart_button.png' найдено. Кликаю в (841, 1159).
2025-11-05 16:30:11,701 - INFO - Успешно кликнули на сердце.
2025-11-05 16:30:12,604 - INFO - Внешний цикл: 2 Alt+Tab
2025-11-05 16:30:15,428 - INFO - Проверка на наличие рекламы...
2025-11-05 16:30:17,736 - INFO - Найдена кнопка пропуска рекламы 'ладно' в (723, 878). Кликаю.
2025-11-05 16:30:18,781 - INFO - Реклама обработана.
2025-11-05 16:30:18,990 - INFO - Внутренний цикл: 1 Alt+Tab
2025-11-05 16:30:21,137 - INFO - Проверка на наличие рекламы...
2025-11-05 16:30:23,671 - INFO - Реклама не обнаружена.
2025-11-05 16:30:23,673 - INFO - Поиск изображения 'heart_button.png' в нижней части экрана...
2025-11-05 16:30:23,744 - INFO - Начинаю поиск изображения heart_button.png... Это может занять время.
2025-11-05 16:30:25,493 - INFO - Изображение найдено в (821, 1159)
2025-11-05 16:30:25,495 - INFO - Изображение 'heart_button.png' найдено. Кликаю в (821, 1159).
2025-11-05 16:30:26,030 - INFO - Успешно кликнули на сердце.
2025-11-05 16:30:26,745 - INFO - Завершение полного цикла, начинаем заново...
2025-11-05 16:30:26,746 - INFO - Внутренний цикл: 1 Alt+Tab
2025-11-05 16:30:28,898 - INFO - Проверка на наличие рекламы...
2025-11-05 16:30:31,188 - INFO - Найдена кнопка пропуска рекламы 'ладно' в (723, 878). Кликаю.
2025-11-05 16:30:32,213 - INFO - Реклама обработана.
2025-11-05 16:30:32,213 - INFO - Завершение полного цикла, начинаем заново...
2025-11-05 16:30:32,214 - INFO - Внутренний цикл: 1 Alt+Tab
2025-11-05 16:30:34,353 - INFO - Проверка на наличие рекламы...
2025-11-05 16:30:37,003 - INFO - Реклама не обнаружена.
2025-11-05 16:30:37,007 - INFO - Поиск изображения 'heart_button.png' в нижней части экрана...
2025-11-05 16:30:37,077 - INFO - Начинаю поиск изображения heart_button.png... Это может занять время.
2025-11-05 16:30:39,510 - INFO - Изображение найдено в (841, 1159)
2025-11-05 16:30:39,513 - INFO - Изображение 'heart_button.png' найдено. Кликаю в (841, 1159).
2025-11-05 16:30:40,020 - INFO - Успешно кликнули на сердце.
2025-11-05 16:30:41,035 - INFO - Завершение полного цикла, начинаем заново...
2025-11-05 16:30:41,037 - INFO - Внутренний цикл: 1 Alt+Tab
2025-11-05 16:30:43,237 - INFO - Проверка на наличие рекламы...
2025-11-05 16:30:45,544 - INFO - Найдена кнопка пропуска рекламы 'ладно' в (723, 878). Кликаю.
2025-11-05 16:30:46,574 - INFO - Реклама обработана.
2025-11-05 16:30:46,575 - INFO - Завершение полного цикла, начинаем заново...
2025-11-05 16:30:46,576 - INFO - Внутренний цикл: 1 Alt+Tab
2025-11-05 16:30:48,721 - INFO - Проверка на наличие рекламы...
2025-11-05 16:30:51,336 - INFO - Реклама не обнаружена.
2025-11-05 16:30:51,338 - INFO - Поиск изображения 'heart_button.png' в нижней части экрана...
2025-11-05 16:30:51,426 - INFO - Начинаю поиск изображения heart_button.png... Это может занять время.
2025-11-05 16:30:53,176 - INFO - Изображение найдено в (821, 1159)
2025-11-05 16:30:53,177 - INFO - Изображение 'heart_button.png' найдено. Кликаю в (821, 1159).
2025-11-05 16:30:53,710 - INFO - Успешно кликнули на сердце.
2025-11-05 16:30:54,379 - INFO - Завершение полного цикла, начинаем заново...
2025-11-05 16:30:54,381 - INFO - Внутренний цикл: 1 Alt+Tab
2025-11-05 16:31:49,120 - INFO - Запуск основной программы автоматизации (новая версия)...
2025-11-05 16:31:49,121 - INFO - Поиск окна Telegram...
2025-11-05 16:31:49,146 - INFO - Найден процесс Telegram: Telegram.exe
2025-11-05 16:31:49,146 - INFO - Нажмите 'q' для остановки.
2025-11-05 16:31:51,286 - INFO - Проверка на наличие рекламы...
2025-11-05 16:31:52,743 - INFO - Найдена кнопка пропуска рекламы 'ладно' в (226, 878). Кликаю.
2025-11-05 16:31:53,767 - INFO - Реклама обработана.
2025-11-05 16:31:53,775 - INFO - Внешний цикл: 2 Alt+Tab
2025-11-05 16:31:56,557 - INFO - Проверка на наличие рекламы...
2025-11-05 16:31:57,826 - INFO - Реклама не обнаружена.
2025-11-05 16:31:57,828 - INFO - Поиск изображения 'heart_button.png' в нижней части экрана...
2025-11-05 16:31:57,920 - INFO - Начинаю поиск изображения heart_button.png... Это может занять время.
2025-11-05 16:31:59,631 - INFO - Изображение найдено в (368, 1040)
2025-11-05 16:31:59,633 - INFO - Изображение 'heart_button.png' найдено. Кликаю в (368, 1040).
2025-11-05 16:32:00,161 - INFO - Успешно кликнули на сердце.
2025-11-05 16:32:01,287 - INFO - Внутренний цикл: 1 Alt+Tab
2025-11-05 16:32:03,503 - INFO - Проверка на наличие рекламы...
2025-11-05 16:32:05,008 - INFO - Найдена кнопка пропуска рекламы 'ладно' в (226, 878). Кликаю.
2025-11-05 16:32:06,052 - INFO - Реклама обработана.
2025-11-05 16:32:06,054 - INFO - Завершение полного цикла, начинаем заново...
2025-11-05 16:32:06,054 - INFO - Внутренний цикл: 1 Alt+Tab
2025-11-05 16:35:40,474 - INFO - Запуск основной программы автоматизации (новая версия)...
2025-11-05 16:35:40,475 - INFO - Поиск окна Telegram...
2025-11-05 16:35:40,491 - INFO - Найден процесс Telegram: Telegram.exe
2025-11-05 16:35:40,492 - INFO - Нажмите 'q' для остановки.
2025-11-05 16:35:42,705 - INFO - Проверка на наличие рекламы...
2025-11-05 16:35:44,166 - INFO - Реклама не обнаружена.
2025-11-05 16:35:44,166 - INFO - Поиск изображения 'heart_button.png' в нижней части экрана...
2025-11-05 16:35:44,237 - INFO - Начинаю поиск изображения heart_button.png... Это может занять время.
2025-11-05 16:35:45,802 - INFO - Изображение найдено в (265, 1084)
2025-11-05 16:35:45,803 - INFO - Изображение 'heart_button.png' найдено. Кликаю в (265, 1084).
2025-11-05 16:35:46,329 - INFO - Успешно кликнули на сердце.
2025-11-05 16:35:46,985 - INFO - Внешний цикл: 2 Alt+Tab
2025-11-05 16:35:49,761 - INFO - Проверка на наличие рекламы...
2025-11-05 16:35:51,139 - INFO - Реклама не обнаружена.
2025-11-05 16:35:51,142 - INFO - Поиск изображения 'heart_button.png' в нижней части экрана...
2025-11-05 16:35:51,225 - INFO - Начинаю поиск изображения heart_button.png... Это может занять время.
2025-11-05 16:35:53,303 - INFO - Изображение найдено в (373, 1102)
2025-11-05 16:35:53,304 - INFO - Изображение 'heart_button.png' найдено. Кликаю в (373, 1102).
2025-11-05 16:35:53,813 - INFO - Успешно кликнули на сердце.
2025-11-05 16:35:54,904 - INFO - Внутренний цикл: 1 Alt+Tab
2025-11-05 16:35:57,034 - INFO - Проверка на наличие рекламы...
2025-11-05 16:35:58,323 - INFO - Реклама не обнаружена.
2025-11-05 16:35:58,325 - INFO - Поиск изображения 'heart_button.png' в нижней части экрана...
2025-11-05 16:35:58,415 - INFO - Начинаю поиск изображения heart_button.png... Это может занять время.
2025-11-05 16:36:00,670 - INFO - Изображение найдено в (260, 1084)
2025-11-05 16:36:00,672 - INFO - Изображение 'heart_button.png' найдено. Кликаю в (260, 1084).
2025-11-05 16:36:01,179 - INFO - Успешно кликнули на сердце.
2025-11-05 16:36:01,899 - INFO - Завершение полного цикла, начинаем заново...
2025-11-05 16:36:01,902 - INFO - Внутренний цикл: 1 Alt+Tab
2025-11-05 16:36:04,137 - INFO - Проверка на наличие рекламы...
2025-11-05 16:36:05,670 - INFO - Реклама не обнаружена.
2025-11-05 16:36:05,672 - INFO - Поиск изображения 'heart_button.png' в нижней части экрана...
2025-11-05 16:36:05,756 - INFO - Начинаю поиск изображения heart_button.png... Это может занять время.
2025-11-05 16:36:07,870 - INFO - Изображение найдено в (373, 1159)
2025-11-05 16:36:07,871 - INFO - Изображение 'heart_button.png' найдено. Кликаю в (373, 1159).
2025-11-05 16:36:08,394 - INFO - Успешно кликнули на сердце.
2025-11-05 16:36:09,097 - INFO - Завершение полного цикла, начинаем заново...
2025-11-05 16:36:09,099 - INFO - Внутренний цикл: 1 Alt+Tab
2025-11-05 16:36:11,313 - INFO - Проверка на наличие рекламы...
2025-11-05 16:36:12,691 - INFO - Реклама не обнаружена.
2025-11-05 16:36:12,693 - INFO - Поиск изображения 'heart_button.png' в нижней части экрана...
2025-11-05 16:36:12,761 - INFO - Начинаю поиск изображения heart_button.png... Это может занять время.
2025-11-05 16:36:16,122 - INFO - Изображение найдено в (265, 1084)
2025-11-05 16:36:16,124 - INFO - Изображение 'heart_button.png' найдено. Кликаю в (265, 1084).
2025-11-05 16:36:16,643 - INFO - Успешно кликнули на сердце.
2025-11-05 16:36:17,579 - INFO - Завершение полного цикла, начинаем заново...
2025-11-05 16:36:17,580 - INFO - Внутренний цикл: 1 Alt+Tab
2025-11-05 16:36:19,762 - INFO - Проверка на наличие рекламы...
2025-11-05 16:36:21,169 - INFO - Реклама не обнаружена.
2025-11-05 16:36:21,170 - INFO - Поиск изображения 'heart_button.png' в нижней части экрана...
2025-11-05 16:36:21,251 - INFO - Начинаю поиск изображения heart_button.png... Это может занять время.
2025-11-05 16:36:24,117 - INFO - Изображение найдено в (373, 1159)
2025-11-05 16:36:24,118 - INFO - Изображение 'heart_button.png' найдено. Кликаю в (373, 1159).
2025-11-05 16:36:24,641 - INFO - Успешно кликнули на сердце.
2025-11-05 16:36:25,620 - INFO - Завершение полного цикла, начинаем заново...
2025-11-05 16:36:25,620 - INFO - Внутренний цикл: 1 Alt+Tab
2025-11-05 16:36:27,821 - INFO - Проверка на наличие рекламы...
2025-11-05 16:36:29,095 - INFO - Реклама не обнаружена.
2025-11-05 16:36:29,099 - INFO - Поиск изображения 'heart_button.png' в нижней части экрана...
2025-11-05 16:36:29,181 - INFO - Начинаю поиск изображения heart_button.png... Это может занять время.
2025-11-05 16:36:31,347 - INFO - Изображение найдено в (245, 1084)
2025-11-05 16:36:31,350 - INFO - Изображение 'heart_button.png' найдено. Кликаю в (245, 1084).
2025-11-05 16:36:31,877 - INFO - Успешно кликнули на сердце.
2025-11-05 16:36:32,923 - INFO - Завершение полного цикла, начинаем заново...
2025-11-05 16:36:32,924 - INFO - Внутренний цикл: 1 Alt+Tab
2025-11-05 16:36:35,075 - INFO - Проверка на наличие рекламы...
2025-11-05 16:36:36,438 - INFO - Реклама не обнаружена.
2025-11-05 16:36:36,440 - INFO - Поиск изображения 'heart_button.png' в нижней части экрана...
2025-11-05 16:36:36,513 - INFO - Начинаю поиск изображения heart_button.png... Это может занять время.
2025-11-05 16:36:38,148 - INFO - Изображение найдено в (360, 1159)
2025-11-05 16:36:38,149 - INFO - Изображение 'heart_button.png' найдено. Кликаю в (360, 1159).
2025-11-05 16:36:38,657 - INFO - Успешно кликнули на сердце.
2025-11-05 16:36:39,484 - INFO - Завершение полного цикла, начинаем заново...
2025-11-05 16:36:39,486 - INFO - Внутренний цикл: 1 Alt+Tab
2025-11-05 16:36:41,592 - INFO - Проверка на наличие рекламы...
2025-11-05 16:36:42,975 - INFO - Реклама не обнаружена.
2025-11-05 16:36:42,975 - INFO - Поиск изображения 'heart_button.png' в нижней части экрана...
2025-11-05 16:36:43,065 - INFO - Начинаю поиск изображения heart_button.png... Это может занять время.
2025-11-05 16:36:45,385 - INFO - Изображение найдено в (245, 1084)
2025-11-05 16:36:45,386 - INFO - Изображение 'heart_button.png' найдено. Кликаю в (245, 1084).
2025-11-05 16:36:45,890 - INFO - Успешно кликнули на сердце.
2025-11-05 16:36:46,782 - INFO - Завершение полного цикла, начинаем заново...
2025-11-05 16:36:46,789 - INFO - Внутренний цикл: 1 Alt+Tab
2025-11-05 16:36:48,930 - INFO - Проверка на наличие рекламы...
2025-11-05 16:36:50,303 - INFO - Реклама не обнаружена.
2025-11-05 16:36:50,304 - INFO - Поиск изображения 'heart_button.png' в нижней части экрана...
2025-11-05 16:36:50,393 - INFO - Начинаю поиск изображения heart_button.png... Это может занять время.
2025-11-05 16:36:52,276 - INFO - Изображение найдено в (373, 1159)
2025-11-05 16:36:52,277 - INFO - Изображение 'heart_button.png' найдено. Кликаю в (373, 1159).
2025-11-05 16:36:52,804 - INFO - Успешно кликнули на сердце.
2025-11-05 16:36:53,474 - INFO - Завершение полного цикла, начинаем заново...
2025-11-05 16:36:53,475 - INFO - Внутренний цикл: 1 Alt+Tab
2025-11-05 16:36:55,686 - INFO - Проверка на наличие рекламы...
2025-11-05 16:36:57,043 - INFO - Реклама не обнаружена.
2025-11-05 16:36:57,044 - INFO - Поиск изображения 'heart_button.png' в нижней части экрана...
2025-11-05 16:36:57,127 - INFO - Начинаю поиск изображения heart_button.png... Это может занять время.
2025-11-05 16:36:58,864 - INFO - Изображение найдено в (238, 1084)
2025-11-05 16:36:58,866 - INFO - Изображение 'heart_button.png' найдено. Кликаю в (238, 1084).
2025-11-05 16:36:59,381 - INFO - Успешно кликнули на сердце.
2025-11-05 16:37:00,361 - INFO - Завершение полного цикла, начинаем заново...
2025-11-05 16:37:00,362 - INFO - Внутренний цикл: 1 Alt+Tab
2025-11-05 16:37:02,561 - INFO - Проверка на наличие рекламы...
2025-11-05 16:37:03,913 - INFO - Реклама не обнаружена.
2025-11-05 16:37:03,915 - INFO - Поиск изображения 'heart_button.png' в нижней части экрана...
2025-11-05 16:37:03,995 - INFO - Начинаю поиск изображения heart_button.png... Это может занять время.
2025-11-05 16:37:06,578 - INFO - Изображение найдено в (373, 1159)
2025-11-05 16:37:06,580 - INFO - Изображение 'heart_button.png' найдено. Кликаю в (373, 1159).
2025-11-05 16:37:07,107 - INFO - Успешно кликнули на сердце.
2025-11-05 16:37:07,934 - INFO - Завершение полного цикла, начинаем заново...
2025-11-05 16:37:07,936 - INFO - Внутренний цикл: 1 Alt+Tab
2025-11-05 16:37:10,093 - INFO - Проверка на наличие рекламы...
2025-11-05 16:37:11,379 - INFO - Реклама не обнаружена.
2025-11-05 16:37:11,381 - INFO - Поиск изображения 'heart_button.png' в нижней части экрана...
2025-11-05 16:37:11,471 - INFO - Начинаю поиск изображения heart_button.png... Это может занять время.
2025-11-05 16:37:13,905 - INFO - Изображение найдено в (265, 1084)
2025-11-05 16:37:13,907 - INFO - Изображение 'heart_button.png' найдено. Кликаю в (265, 1084).
2025-11-05 16:37:14,442 - INFO - Успешно кликнули на сердце.
2025-11-05 16:37:15,302 - INFO - Завершение полного цикла, начинаем заново...
2025-11-05 16:37:15,303 - INFO - Внутренний цикл: 1 Alt+Tab
2025-11-05 16:37:17,532 - INFO - Проверка на наличие рекламы...
2025-11-05 16:37:19,838 - INFO - Найдена кнопка пропуска рекламы 'Пропустить' в (614, 1217). Кликаю.
2025-11-05 16:37:20,875 - INFO - Реклама обработана.
2025-11-05 16:37:20,876 - INFO - Завершение полного цикла, начинаем заново...
2025-11-05 16:37:20,877 - INFO - Внутренний цикл: 1 Alt+Tab
2025-11-05 16:37:22,981 - INFO - Проверка на наличие рекламы...
2025-11-05 16:37:24,390 - INFO - Реклама не обнаружена.
2025-11-05 16:37:24,391 - INFO - Поиск изображения 'heart_button.png' в нижней части экрана...
2025-11-05 16:37:24,474 - INFO - Начинаю поиск изображения heart_button.png... Это может занять время.
2025-11-05 16:37:27,771 - INFO - Изображение найдено в (265, 1084)
2025-11-05 16:37:27,772 - INFO - Изображение 'heart_button.png' найдено. Кликаю в (265, 1084).
2025-11-05 16:37:28,293 - INFO - Успешно кликнули на сердце.
2025-11-05 16:37:29,298 - INFO - Завершение полного цикла, начинаем заново...
2025-11-05 16:37:29,299 - INFO - Внутренний цикл: 1 Alt+Tab
2025-11-05 16:37:31,401 - INFO - Проверка на наличие рекламы...
2025-11-05 16:37:33,071 - INFO - Реклама не обнаружена.
2025-11-05 16:37:33,073 - INFO - Поиск изображения 'heart_button.png' в нижней части экрана...
2025-11-05 16:37:33,154 - INFO - Начинаю поиск изображения heart_button.png... Это может занять время.
2025-11-05 16:37:35,064 - INFO - Изображение найдено в (373, 1159)
2025-11-05 16:37:35,065 - INFO - Изображение 'heart_button.png' найдено. Кликаю в (373, 1159).
2025-11-05 16:37:35,574 - INFO - Успешно кликнули на сердце.
2025-11-05 16:37:36,255 - INFO - Завершение полного цикла, начинаем заново...
2025-11-05 16:37:36,257 - INFO - Внутренний цикл: 1 Alt+Tab
2025-11-05 16:37:38,404 - INFO - Проверка на наличие рекламы...
2025-11-05 16:37:39,825 - INFO - Реклама не обнаружена.
2025-11-05 16:37:39,827 - INFO - Поиск изображения 'heart_button.png' в нижней части экрана...
2025-11-05 16:37:39,909 - INFO - Начинаю поиск изображения heart_button.png... Это может занять время.
2025-11-05 16:37:42,066 - INFO - Изображение найдено в (245, 1084)
2025-11-05 16:37:42,067 - INFO - Изображение 'heart_button.png' найдено. Кликаю в (245, 1084).
2025-11-05 16:37:42,593 - INFO - Успешно кликнули на сердце.
2025-11-05 16:37:43,232 - INFO - Завершение полного цикла, начинаем заново...
2025-11-05 16:37:43,234 - INFO - Внутренний цикл: 1 Alt+Tab
2025-11-05 16:37:45,428 - INFO - Проверка на наличие рекламы...
2025-11-05 16:37:46,714 - INFO - Реклама не обнаружена.
2025-11-05 16:37:46,716 - INFO - Поиск изображения 'heart_button.png' в нижней части экрана...
2025-11-05 16:37:46,791 - INFO - Начинаю поиск изображения heart_button.png... Это может занять время.
2025-11-05 16:37:48,134 - INFO - Изображение найдено в (360, 1102)
2025-11-05 16:37:48,136 - INFO - Изображение 'heart_button.png' найдено. Кликаю в (360, 1102).
2025-11-05 16:37:48,659 - INFO - Успешно кликнули на сердце.
2025-11-05 16:37:49,734 - INFO - Завершение полного цикла, начинаем заново...
2025-11-05 16:37:49,736 - INFO - Внутренний цикл: 1 Alt+Tab
2025-11-05 16:37:51,876 - INFO - Проверка на наличие рекламы...
2025-11-05 16:37:53,262 - INFO - Реклама не обнаружена.
2025-11-05 16:37:53,264 - INFO - Поиск изображения 'heart_button.png' в нижней части экрана...
2025-11-05 16:37:53,351 - INFO - Начинаю поиск изображения heart_button.png... Это может занять время.
2025-11-05 16:37:55,618 - INFO - Изображение найдено в (245, 1136)
2025-11-05 16:37:55,618 - INFO - Изображение 'heart_button.png' найдено. Кликаю в (245, 1136).
2025-11-05 16:37:56,132 - INFO - Успешно кликнули на сердце.
2025-11-05 16:37:56,788 - INFO - Завершение полного цикла, начинаем заново...
2025-11-05 16:37:56,792 - INFO - Внутренний цикл: 1 Alt+Tab
2025-11-05 16:37:58,908 - INFO - Проверка на наличие рекламы...
2025-11-05 16:38:00,226 - INFO - Реклама не обнаружена.
2025-11-05 16:38:00,228 - INFO - Поиск изображения 'heart_button.png' в нижней части экрана...
2025-11-05 16:38:00,302 - INFO - Начинаю поиск изображения heart_button.png... Это может занять время.
2025-11-05 16:38:01,885 - INFO - Изображение найдено в (353, 1159)
2025-11-05 16:38:01,886 - INFO - Изображение 'heart_button.png' найдено. Кликаю в (353, 1159).
2025-11-05 16:38:02,415 - INFO - Успешно кликнули на сердце.
2025-11-05 16:38:03,128 - INFO - Завершение полного цикла, начинаем заново...
2025-11-05 16:38:03,130 - INFO - Внутренний цикл: 1 Alt+Tab
2025-11-05 16:38:05,231 - INFO - Проверка на наличие рекламы...
2025-11-05 16:38:06,742 - INFO - Реклама не обнаружена.
2025-11-05 16:38:06,744 - INFO - Поиск изображения 'heart_button.png' в нижней части экрана...
2025-11-05 16:38:06,818 - INFO - Начинаю поиск изображения heart_button.png... Это может занять время.
2025-11-05 16:38:09,832 - INFO - Изображение найдено в (265, 1084)
2025-11-05 16:38:09,833 - INFO - Изображение 'heart_button.png' найдено. Кликаю в (265, 1084).
2025-11-05 16:38:10,338 - INFO - Успешно кликнули на сердце.
2025-11-05 16:38:11,338 - INFO - Завершение полного цикла, начинаем заново...
2025-11-05 16:38:11,340 - INFO - Внутренний цикл: 1 Alt+Tab
2025-11-05 16:38:13,488 - INFO - Проверка на наличие рекламы...
2025-11-05 16:38:14,779 - INFO - Реклама не обнаружена.
2025-11-05 16:38:14,781 - INFO - Поиск изображения 'heart_button.png' в нижней части экрана...
2025-11-05 16:38:14,861 - INFO - Начинаю поиск изображения heart_button.png... Это может занять время.
2025-11-05 16:38:16,603 - INFO - Изображение найдено в (357, 1159)
2025-11-05 16:38:16,604 - INFO - Изображение 'heart_button.png' найдено. Кликаю в (357, 1159).
2025-11-05 16:38:17,121 - INFO - Успешно кликнули на сердце.
2025-11-05 16:38:18,056 - INFO - Завершение полного цикла, начинаем заново...
2025-11-05 16:38:18,056 - INFO - Внутренний цикл: 1 Alt+Tab
2025-11-05 16:38:20,161 - INFO - Проверка на наличие рекламы...
2025-11-05 16:38:21,423 - INFO - Реклама не обнаружена.
2025-11-05 16:38:21,424 - INFO - Поиск изображения 'heart_button.png' в нижней части экрана...
2025-11-05 16:38:21,531 - INFO - Начинаю поиск изображения heart_button.png... Это может занять время.
2025-11-05 16:38:23,185 - INFO - Изображение найдено в (235, 1084)
2025-11-05 16:38:23,186 - INFO - Изображение 'heart_button.png' найдено. Кликаю в (235, 1084).
2025-11-05 16:38:23,721 - INFO - Успешно кликнули на сердце.
2025-11-05 16:38:24,358 - INFO - Завершение полного цикла, начинаем заново...
2025-11-05 16:38:24,358 - INFO - Внутренний цикл: 1 Alt+Tab
2025-11-05 16:38:26,484 - INFO - Проверка на наличие рекламы...
2025-11-05 16:38:28,067 - INFO - Реклама не обнаружена.
2025-11-05 16:38:28,070 - INFO - Поиск изображения 'heart_button.png' в нижней части экрана...
2025-11-05 16:38:28,146 - INFO - Начинаю поиск изображения heart_button.png... Это может занять время.
2025-11-05 16:38:30,849 - INFO - Изображение найдено в (373, 1159)
2025-11-05 16:38:30,850 - INFO - Изображение 'heart_button.png' найдено. Кликаю в (373, 1159).
2025-11-05 16:38:31,363 - INFO - Успешно кликнули на сердце.
2025-11-05 16:38:32,222 - INFO - Завершение полного цикла, начинаем заново...
2025-11-05 16:38:32,224 - INFO - Внутренний цикл: 1 Alt+Tab
2025-11-05 16:38:34,339 - INFO - Проверка на наличие рекламы...
2025-11-05 16:38:35,693 - INFO - Реклама не обнаружена.
2025-11-05 16:38:35,695 - INFO - Поиск изображения 'heart_button.png' в нижней части экрана...
2025-11-05 16:38:35,780 - INFO - Начинаю поиск изображения heart_button.png... Это может занять время.
2025-11-05 16:38:37,728 - INFO - Изображение найдено в (235, 1084)
2025-11-05 16:38:37,729 - INFO - Изображение 'heart_button.png' найдено. Кликаю в (235, 1084).
2025-11-05 16:38:38,258 - INFO - Успешно кликнули на сердце.
2025-11-05 16:38:39,211 - INFO - Завершение полного цикла, начинаем заново...
2025-11-05 16:38:39,213 - INFO - Внутренний цикл: 1 Alt+Tab
2025-11-05 16:38:41,358 - INFO - Проверка на наличие рекламы...
2025-11-05 16:38:42,858 - INFO - Реклама не обнаружена.
2025-11-05 16:38:42,861 - INFO - Поиск изображения 'heart_button.png' в нижней части экрана...
2025-11-05 16:38:42,925 - INFO - Начинаю поиск изображения heart_button.png... Это может занять время.
2025-11-05 16:38:44,321 - INFO - Изображение найдено в (343, 1159)
2025-11-05 16:38:44,323 - INFO - Изображение 'heart_button.png' найдено. Кликаю в (343, 1159).
2025-11-05 16:38:44,840 - INFO - Успешно кликнули на сердце.
2025-11-05 16:38:45,483 - INFO - Завершение полного цикла, начинаем заново...
2025-11-05 16:38:45,491 - INFO - Внутренний цикл: 1 Alt+Tab
2025-11-05 16:38:47,601 - INFO - Проверка на наличие рекламы...
2025-11-05 16:38:48,938 - INFO - Реклама не обнаружена.
2025-11-05 16:38:48,940 - INFO - Поиск изображения 'heart_button.png' в нижней части экрана...
2025-11-05 16:38:49,013 - INFO - Начинаю поиск изображения heart_button.png... Это может занять время.
2025-11-05 16:38:51,883 - INFO - Изображение найдено в (265, 1084)
2025-11-05 16:38:51,884 - INFO - Изображение 'heart_button.png' найдено. Кликаю в (265, 1084).
2025-11-05 16:38:52,403 - INFO - Успешно кликнули на сердце.
2025-11-05 16:38:53,077 - INFO - Завершение полного цикла, начинаем заново...
2025-11-05 16:38:53,079 - INFO - Внутренний цикл: 1 Alt+Tab
2025-11-05 16:38:55,232 - INFO - Проверка на наличие рекламы...
2025-11-05 16:38:56,685 - INFO - Реклама не обнаружена.
2025-11-05 16:38:56,687 - INFO - Поиск изображения 'heart_button.png' в нижней части экрана...
2025-11-05 16:38:56,771 - INFO - Начинаю поиск изображения heart_button.png... Это может занять время.
2025-11-05 16:38:58,728 - INFO - Изображение найдено в (373, 1159)
2025-11-05 16:38:58,730 - INFO - Изображение 'heart_button.png' найдено. Кликаю в (373, 1159).
2025-11-05 16:38:59,250 - INFO - Успешно кликнули на сердце.
2025-11-05 16:39:00,076 - INFO - Завершение полного цикла, начинаем заново...
2025-11-05 16:39:00,076 - INFO - Внутренний цикл: 1 Alt+Tab
2025-11-05 16:39:02,290 - INFO - Проверка на наличие рекламы...
2025-11-05 16:39:04,751 - INFO - Найдена кнопка пропуска рекламы 'Пропустить' в (506, 1142). Кликаю.
2025-11-05 16:39:05,779 - INFO - Реклама обработана.
2025-11-05 16:39:05,780 - INFO - Завершение полного цикла, начинаем заново...
2025-11-05 16:39:05,780 - INFO - Внутренний цикл: 1 Alt+Tab
2025-11-05 16:39:07,889 - INFO - Проверка на наличие рекламы...
2025-11-05 16:39:09,277 - INFO - Реклама не обнаружена.
2025-11-05 16:39:09,278 - INFO - Поиск изображения 'heart_button.png' в нижней части экрана...
2025-11-05 16:39:09,360 - INFO - Начинаю поиск изображения heart_button.png... Это может занять время.
2025-11-05 16:39:10,876 - INFO - Изображение найдено в (353, 1159)
2025-11-05 16:39:10,877 - INFO - Изображение 'heart_button.png' найдено. Кликаю в (353, 1159).
2025-11-05 16:39:11,405 - INFO - Успешно кликнули на сердце.
2025-11-05 16:39:12,386 - INFO - Завершение полного цикла, начинаем заново...
2025-11-05 16:39:12,388 - INFO - Внутренний цикл: 1 Alt+Tab
2025-11-05 16:39:14,543 - INFO - Проверка на наличие рекламы...
2025-11-05 16:39:15,878 - INFO - Реклама не обнаружена.
2025-11-05 16:39:15,880 - INFO - Поиск изображения 'heart_button.png' в нижней части экрана...
2025-11-05 16:39:15,955 - INFO - Начинаю поиск изображения heart_button.png... Это может занять время.
2025-11-05 16:39:18,135 - INFO - Изображение найдено в (245, 1084)
2025-11-05 16:39:18,138 - INFO - Изображение 'heart_button.png' найдено. Кликаю в (245, 1084).
2025-11-05 16:39:18,653 - INFO - Успешно кликнули на сердце.
2025-11-05 16:39:19,261 - INFO - Завершение полного цикла, начинаем заново...
2025-11-05 16:39:19,262 - INFO - Внутренний цикл: 1 Alt+Tab
2025-11-05 16:39:21,460 - INFO - Проверка на наличие рекламы...
2025-11-05 16:39:22,857 - INFO - Реклама не обнаружена.
2025-11-05 16:39:22,859 - INFO - Поиск изображения 'heart_button.png' в нижней части экрана...
2025-11-05 16:39:22,932 - INFO - Начинаю поиск изображения heart_button.png... Это может занять время.
2025-11-05 16:39:24,651 - INFO - Изображение найдено в (373, 1159)
2025-11-05 16:39:24,652 - INFO - Изображение 'heart_button.png' найдено. Кликаю в (373, 1159).
2025-11-05 16:39:25,163 - INFO - Успешно кликнули на сердце.
2025-11-05 16:39:26,196 - INFO - Завершение полного цикла, начинаем заново...
2025-11-05 16:39:26,197 - INFO - Внутренний цикл: 1 Alt+Tab
2025-11-05 16:39:28,378 - INFO - Проверка на наличие рекламы...
2025-11-05 16:39:29,705 - INFO - Реклама не обнаружена.
2025-11-05 16:39:29,707 - INFO - Поиск изображения 'heart_button.png' в нижней части экрана...
2025-11-05 16:39:29,772 - INFO - Начинаю поиск изображения heart_button.png... Это может занять время.
2025-11-05 16:39:31,856 - INFO - Изображение найдено в (235, 1084)
2025-11-05 16:39:31,856 - INFO - Изображение 'heart_button.png' найдено. Кликаю в (235, 1084).
2025-11-05 16:39:32,383 - INFO - Успешно кликнули на сердце.
2025-11-05 16:39:33,242 - INFO - Завершение полного цикла, начинаем заново...
2025-11-05 16:39:33,242 - INFO - Внутренний цикл: 1 Alt+Tab
2025-11-05 16:39:35,445 - INFO - Проверка на наличие рекламы...
2025-11-05 16:39:36,618 - INFO - Реклама не обнаружена.
2025-11-05 16:39:36,619 - INFO - Поиск изображения 'heart_button.png' в нижней части экрана...
2025-11-05 16:39:36,709 - INFO - Начинаю поиск изображения heart_button.png... Это может занять время.
2025-11-05 16:39:38,216 - INFO - Изображение найдено в (363, 1159)
2025-11-05 16:39:38,217 - INFO - Изображение 'heart_button.png' найдено. Кликаю в (363, 1159).
2025-11-05 16:39:38,738 - INFO - Успешно кликнули на сердце.
2025-11-05 16:39:39,379 - INFO - Завершение полного цикла, начинаем заново...
2025-11-05 16:39:39,382 - INFO - Внутренний цикл: 1 Alt+Tab
2025-11-05 16:39:41,538 - INFO - Проверка на наличие рекламы...
2025-11-05 16:39:42,869 - INFO - Реклама не обнаружена.
2025-11-05 16:39:42,871 - INFO - Поиск изображения 'heart_button.png' в нижней части экрана...
2025-11-05 16:39:42,940 - INFO - Начинаю поиск изображения heart_button.png... Это может занять время.
2025-11-05 16:39:45,072 - INFO - Изображение найдено в (245, 1084)
2025-11-05 16:39:45,074 - INFO - Изображение 'heart_button.png' найдено. Кликаю в (245, 1084).
2025-11-05 16:39:45,585 - INFO - Успешно кликнули на сердце.
2025-11-05 16:39:46,570 - INFO - Завершение полного цикла, начинаем заново...
2025-11-05 16:39:46,571 - INFO - Внутренний цикл: 1 Alt+Tab
2025-11-05 16:39:48,732 - INFO - Проверка на наличие рекламы...
2025-11-05 16:39:50,112 - INFO - Реклама не обнаружена.
2025-11-05 16:39:50,113 - INFO - Поиск изображения 'heart_button.png' в нижней части экрана...
2025-11-05 16:39:50,177 - INFO - Начинаю поиск изображения heart_button.png... Это может занять время.
2025-11-05 16:39:52,684 - INFO - Изображение найдено в (373, 1159)
2025-11-05 16:39:52,686 - INFO - Изображение 'heart_button.png' найдено. Кликаю в (373, 1159).
2025-11-05 16:39:53,209 - INFO - Успешно кликнули на сердце.
2025-11-05 16:39:53,958 - INFO - Завершение полного цикла, начинаем заново...
2025-11-05 16:39:53,960 - INFO - Внутренний цикл: 1 Alt+Tab
2025-11-05 16:39:56,124 - INFO - Проверка на наличие рекламы...
2025-11-05 16:39:57,424 - INFO - Реклама не обнаружена.
2025-11-05 16:39:57,425 - INFO - Поиск изображения 'heart_button.png' в нижней части экрана...
2025-11-05 16:39:57,515 - INFO - Начинаю поиск изображения heart_button.png... Это может занять время.
2025-11-05 16:39:59,771 - INFO - Изображение найдено в (249, 1084)
2025-11-05 16:39:59,772 - INFO - Изображение 'heart_button.png' найдено. Кликаю в (249, 1084).
2025-11-05 16:40:00,289 - INFO - Успешно кликнули на сердце.
2025-11-05 16:40:01,223 - INFO - Завершение полного цикла, начинаем заново...
2025-11-05 16:40:01,224 - INFO - Внутренний цикл: 1 Alt+Tab
2025-11-05 16:40:03,421 - INFO - Проверка на наличие рекламы...
2025-11-05 16:40:04,738 - INFO - Реклама не обнаружена.
2025-11-05 16:40:04,738 - INFO - Поиск изображения 'heart_button.png' в нижней части экрана...
2025-11-05 16:40:04,825 - INFO - Начинаю поиск изображения heart_button.png... Это может занять время.
2025-11-05 16:40:06,882 - INFO - Изображение найдено в (373, 1102)
2025-11-05 16:40:06,883 - INFO - Изображение 'heart_button.png' найдено. Кликаю в (373, 1102).
2025-11-05 16:40:07,411 - INFO - Успешно кликнули на сердце.
2025-11-05 16:40:08,454 - INFO - Завершение полного цикла, начинаем заново...
2025-11-05 16:40:08,455 - INFO - Внутренний цикл: 1 Alt+Tab
2025-11-05 16:40:10,668 - INFO - Проверка на наличие рекламы...
2025-11-05 16:40:11,987 - INFO - Реклама не обнаружена.
2025-11-05 16:40:11,989 - INFO - Поиск изображения 'heart_button.png' в нижней части экрана...
2025-11-05 16:40:12,078 - INFO - Начинаю поиск изображения heart_button.png... Это может занять время.
2025-11-05 16:40:14,589 - INFO - Изображение найдено в (250, 1084)
2025-11-05 16:40:14,590 - INFO - Изображение 'heart_button.png' найдено. Кликаю в (250, 1084).
2025-11-05 16:40:15,124 - INFO - Успешно кликнули на сердце.
2025-11-05 16:40:15,885 - INFO - Завершение полного цикла, начинаем заново...
2025-11-05 16:40:15,889 - INFO - Внутренний цикл: 1 Alt+Tab
2025-11-05 16:40:18,018 - INFO - Проверка на наличие рекламы...
2025-11-05 16:40:19,401 - INFO - Реклама не обнаружена.
2025-11-05 16:40:19,403 - INFO - Поиск изображения 'heart_button.png' в нижней части экрана...
2025-11-05 16:40:19,481 - INFO - Начинаю поиск изображения heart_button.png... Это может занять время.
2025-11-05 16:40:21,085 - INFO - Изображение найдено в (373, 1159)
2025-11-05 16:40:21,086 - INFO - Изображение 'heart_button.png' найдено. Кликаю в (373, 1159).
2025-11-05 16:40:21,613 - INFO - Успешно кликнули на сердце.
2025-11-05 16:40:22,640 - INFO - Завершение полного цикла, начинаем заново...
2025-11-05 16:40:22,650 - INFO - Внутренний цикл: 1 Alt+Tab
2025-11-05 16:40:24,823 - INFO - Проверка на наличие рекламы...
2025-11-05 16:40:26,201 - INFO - Реклама не обнаружена.
2025-11-05 16:40:26,203 - INFO - Поиск изображения 'heart_button.png' в нижней части экрана...
2025-11-05 16:40:26,274 - INFO - Начинаю поиск изображения heart_button.png... Это может занять время.
2025-11-05 16:40:29,134 - INFO - Изображение найдено в (265, 1084)
2025-11-05 16:40:29,134 - INFO - Изображение 'heart_button.png' найдено. Кликаю в (265, 1084).
2025-11-05 16:40:29,670 - INFO - Успешно кликнули на сердце.
2025-11-05 16:40:30,340 - INFO - Завершение полного цикла, начинаем заново...
2025-11-05 16:40:30,342 - INFO - Внутренний цикл: 1 Alt+Tab
2025-11-05 16:40:32,563 - INFO - Проверка на наличие рекламы...
2025-11-05 16:40:34,110 - INFO - Реклама не обнаружена.
2025-11-05 16:40:34,112 - INFO - Поиск изображения 'heart_button.png' в нижней части экрана...
2025-11-05 16:40:34,179 - INFO - Начинаю поиск изображения heart_button.png... Это может занять время.
2025-11-05 16:40:35,733 - INFO - Изображение найдено в (354, 1159)
2025-11-05 16:40:35,734 - INFO - Изображение 'heart_button.png' найдено. Кликаю в (354, 1159).
2025-11-05 16:40:36,253 - INFO - Успешно кликнули на сердце.
2025-11-05 16:40:37,047 - INFO - Завершение полного цикла, начинаем заново...
2025-11-05 16:40:37,048 - INFO - Внутренний цикл: 1 Alt+Tab
2025-11-05 16:40:39,201 - INFO - Проверка на наличие рекламы...
2025-11-05 16:40:40,489 - INFO - Реклама не обнаружена.
2025-11-05 16:40:40,490 - INFO - Поиск изображения 'heart_button.png' в нижней части экрана...
2025-11-05 16:40:40,579 - INFO - Начинаю поиск изображения heart_button.png... Это может занять время.
2025-11-05 16:40:42,830 - INFO - Изображение найдено в (244, 1084)
2025-11-05 16:40:42,832 - INFO - Изображение 'heart_button.png' найдено. Кликаю в (244, 1084).
2025-11-05 16:40:43,350 - INFO - Успешно кликнули на сердце.
2025-11-05 16:40:44,376 - INFO - Завершение полного цикла, начинаем заново...
2025-11-05 16:40:44,378 - INFO - Внутренний цикл: 1 Alt+Tab
2025-11-05 16:40:46,622 - INFO - Проверка на наличие рекламы...
2025-11-05 16:40:47,911 - INFO - Реклама не обнаружена.
2025-11-05 16:40:47,913 - INFO - Поиск изображения 'heart_button.png' в нижней части экрана...
2025-11-05 16:40:48,004 - INFO - Начинаю поиск изображения heart_button.png... Это может занять время.
2025-11-05 16:40:50,729 - INFO - Изображение найдено в (373, 1102)
2025-11-05 16:40:50,730 - INFO - Изображение 'heart_button.png' найдено. Кликаю в (373, 1102).
2025-11-05 16:40:51,249 - INFO - Успешно кликнули на сердце.
2025-11-05 16:40:52,307 - INFO - Завершение полного цикла, начинаем заново...
2025-11-05 16:40:52,309 - INFO - Внутренний цикл: 1 Alt+Tab
2025-11-05 16:40:54,399 - INFO - Проверка на наличие рекламы...
2025-11-05 16:40:55,666 - INFO - Реклама не обнаружена.
2025-11-05 16:40:55,668 - INFO - Поиск изображения 'heart_button.png' в нижней части экрана...
2025-11-05 16:40:55,748 - INFO - Начинаю поиск изображения heart_button.png... Это может занять время.
2025-11-05 16:40:58,946 - INFO - Изображение найдено в (265, 1027)
2025-11-05 16:40:58,947 - INFO - Изображение 'heart_button.png' найдено. Кликаю в (265, 1027).
2025-11-05 16:40:59,472 - INFO - Успешно кликнули на сердце.
2025-11-05 16:41:00,154 - INFO - Завершение полного цикла, начинаем заново...
2025-11-05 16:41:00,156 - INFO - Внутренний цикл: 1 Alt+Tab
2025-11-05 16:41:02,255 - INFO - Проверка на наличие рекламы...
2025-11-05 16:41:03,518 - INFO - Реклама не обнаружена.
2025-11-05 16:41:03,520 - INFO - Поиск изображения 'heart_button.png' в нижней части экрана...
2025-11-05 16:41:03,604 - INFO - Начинаю поиск изображения heart_button.png... Это может занять время.
2025-11-05 16:41:05,591 - INFO - Изображение найдено в (343, 1159)
2025-11-05 16:41:05,592 - INFO - Изображение 'heart_button.png' найдено. Кликаю в (343, 1159).
2025-11-05 16:41:06,129 - INFO - Успешно кликнули на сердце.
2025-11-05 16:41:06,768 - INFO - Завершение полного цикла, начинаем заново...
2025-11-05 16:41:06,769 - INFO - Внутренний цикл: 1 Alt+Tab
2025-11-05 16:41:08,862 - INFO - Проверка на наличие рекламы...
2025-11-05 16:41:10,219 - INFO - Реклама не обнаружена.
2025-11-05 16:41:10,221 - INFO - Поиск изображения 'heart_button.png' в нижней части экрана...
2025-11-05 16:41:10,292 - INFO - Начинаю поиск изображения heart_button.png... Это может занять время.
2025-11-05 16:41:12,641 - INFO - Изображение найдено в (245, 1084)
2025-11-05 16:41:12,643 - INFO - Изображение 'heart_button.png' найдено. Кликаю в (245, 1084).
2025-11-05 16:41:13,168 - INFO - Успешно кликнули на сердце.
2025-11-05 16:41:14,170 - INFO - Завершение полного цикла, начинаем заново...
2025-11-05 16:41:14,172 - INFO - Внутренний цикл: 1 Alt+Tab
2025-11-05 16:41:16,310 - INFO - Проверка на наличие рекламы...
2025-11-05 16:41:17,683 - INFO - Реклама не обнаружена.
2025-11-05 16:41:17,684 - INFO - Поиск изображения 'heart_button.png' в нижней части экрана...
2025-11-05 16:41:17,765 - INFO - Начинаю поиск изображения heart_button.png... Это может занять время.
2025-11-05 16:41:19,482 - INFO - Изображение найдено в (372, 1159)
2025-11-05 16:41:19,484 - INFO - Изображение 'heart_button.png' найдено. Кликаю в (372, 1159).
2025-11-05 16:41:20,012 - INFO - Успешно кликнули на сердце.
2025-11-05 16:41:20,913 - INFO - Завершение полного цикла, начинаем заново...
2025-11-05 16:41:20,915 - INFO - Внутренний цикл: 1 Alt+Tab
2025-11-05 16:41:23,112 - INFO - Проверка на наличие рекламы...
2025-11-05 16:41:24,394 - INFO - Реклама не обнаружена.
2025-11-05 16:41:24,396 - INFO - Поиск изображения 'heart_button.png' в нижней части экрана...
2025-11-05 16:41:24,477 - INFO - Начинаю поиск изображения heart_button.png... Это может занять время.
2025-11-05 16:41:26,899 - INFO - Изображение найдено в (265, 1084)
2025-11-05 16:41:26,900 - INFO - Изображение 'heart_button.png' найдено. Кликаю в (265, 1084).
2025-11-05 16:41:27,436 - INFO - Успешно кликнули на сердце.
2025-11-05 16:41:28,417 - INFO - Завершение полного цикла, начинаем заново...
2025-11-05 16:41:28,418 - INFO - Внутренний цикл: 1 Alt+Tab
2025-11-05 16:41:30,572 - INFO - Проверка на наличие рекламы...
2025-11-05 16:41:31,827 - INFO - Реклама не обнаружена.
2025-11-05 16:41:31,829 - INFO - Поиск изображения 'heart_button.png' в нижней части экрана...
2025-11-05 16:41:31,921 - INFO - Начинаю поиск изображения heart_button.png... Это может занять время.
2025-11-05 16:41:33,017 - INFO - Изображение найдено в (343, 1159)
2025-11-05 16:41:33,019 - INFO - Изображение 'heart_button.png' найдено. Кликаю в (343, 1159).
2025-11-05 16:41:33,538 - INFO - Успешно кликнули на сердце.
2025-11-05 16:41:34,242 - INFO - Завершение полного цикла, начинаем заново...
2025-11-05 16:41:34,243 - INFO - Внутренний цикл: 1 Alt+Tab
2025-11-05 16:41:36,396 - INFO - Проверка на наличие рекламы...
2025-11-05 16:41:37,813 - INFO - Реклама не обнаружена.
2025-11-05 16:41:37,815 - INFO - Поиск изображения 'heart_button.png' в нижней части экрана...
2025-11-05 16:41:37,887 - INFO - Начинаю поиск изображения heart_button.png... Это может занять время.
2025-11-05 16:41:40,693 - INFO - Изображение найдено в (257, 1084)
2025-11-05 16:41:40,694 - INFO - Изображение 'heart_button.png' найдено. Кликаю в (257, 1084).
2025-11-05 16:41:41,207 - INFO - Успешно кликнули на сердце.
2025-11-05 16:41:42,082 - INFO - Завершение полного цикла, начинаем заново...
2025-11-05 16:41:42,082 - INFO - Внутренний цикл: 1 Alt+Tab
2025-11-05 16:41:44,206 - INFO - Проверка на наличие рекламы...
2025-11-05 16:41:46,499 - INFO - Найдена кнопка пропуска рекламы 'Пропустить' в (614, 1217). Кликаю.
2025-11-05 16:41:47,528 - INFO - Реклама обработана.
2025-11-05 16:41:47,529 - INFO - Завершение полного цикла, начинаем заново...
2025-11-05 16:41:47,529 - INFO - Внутренний цикл: 1 Alt+Tab
2025-11-05 16:41:49,631 - INFO - Проверка на наличие рекламы...
2025-11-05 16:41:50,941 - INFO - Реклама не обнаружена.
2025-11-05 16:41:50,943 - INFO - Поиск изображения 'heart_button.png' в нижней части экрана...
2025-11-05 16:41:51,007 - INFO - Начинаю поиск изображения heart_button.png... Это может занять время.
2025-11-05 16:41:53,112 - INFO - Изображение найдено в (242, 1084)
2025-11-05 16:41:53,115 - INFO - Изображение 'heart_button.png' найдено. Кликаю в (242, 1084).
2025-11-05 16:41:53,649 - INFO - Успешно кликнули на сердце.
2025-11-05 16:41:54,661 - INFO - Завершение полного цикла, начинаем заново...
2025-11-05 16:41:54,666 - INFO - Внутренний цикл: 1 Alt+Tab
2025-11-05 16:41:56,792 - INFO - Проверка на наличие рекламы...
2025-11-05 16:41:58,029 - INFO - Реклама не обнаружена.
2025-11-05 16:41:58,031 - INFO - Поиск изображения 'heart_button.png' в нижней части экрана...
2025-11-05 16:41:58,111 - INFO - Начинаю поиск изображения heart_button.png... Это может занять время.
2025-11-05 16:41:59,757 - INFO - Изображение найдено в (353, 1040)
2025-11-05 16:41:59,759 - INFO - Изображение 'heart_button.png' найдено. Кликаю в (353, 1040).
2025-11-05 16:42:00,272 - INFO - Успешно кликнули на сердце.
2025-11-05 16:42:01,097 - INFO - Завершение полного цикла, начинаем заново...
2025-11-05 16:42:01,099 - INFO - Внутренний цикл: 1 Alt+Tab
2025-11-05 16:42:03,287 - INFO - Проверка на наличие рекламы...
2025-11-05 16:42:04,886 - INFO - Реклама не обнаружена.
2025-11-05 16:42:04,887 - INFO - Поиск изображения 'heart_button.png' в нижней части экрана...
2025-11-05 16:42:04,974 - INFO - Начинаю поиск изображения heart_button.png... Это может занять время.
2025-11-05 16:42:08,590 - INFO - Изображение найдено в (265, 1084)
2025-11-05 16:42:08,591 - INFO - Изображение 'heart_button.png' найдено. Кликаю в (265, 1084).
2025-11-05 16:42:09,112 - INFO - Успешно кликнули на сердце.
2025-11-05 16:42:10,091 - INFO - Завершение полного цикла, начинаем заново...
2025-11-05 16:42:10,093 - INFO - Внутренний цикл: 1 Alt+Tab
2025-11-05 16:42:12,244 - INFO - Проверка на наличие рекламы...
2025-11-05 16:42:13,561 - INFO - Реклама не обнаружена.
2025-11-05 16:42:13,563 - INFO - Поиск изображения 'heart_button.png' в нижней части экрана...
2025-11-05 16:42:13,630 - INFO - Начинаю поиск изображения heart_button.png... Это может занять время.
2025-11-05 16:42:14,738 - INFO - Изображение найдено в (345, 1159)
2025-11-05 16:42:14,739 - INFO - Изображение 'heart_button.png' найдено. Кликаю в (345, 1159).
2025-11-05 16:42:15,269 - INFO - Успешно кликнули на сердце.
2025-11-05 16:42:15,971 - INFO - Завершение полного цикла, начинаем заново...
2025-11-05 16:42:15,972 - INFO - Внутренний цикл: 1 Alt+Tab
2025-11-05 16:42:18,073 - INFO - Проверка на наличие рекламы...
2025-11-05 16:42:19,294 - INFO - Реклама не обнаружена.
2025-11-05 16:42:19,296 - INFO - Поиск изображения 'heart_button.png' в нижней части экрана...
2025-11-05 16:42:19,367 - INFO - Начинаю поиск изображения heart_button.png... Это может занять время.
2025-11-05 16:42:21,224 - INFO - Изображение найдено в (245, 1084)
2025-11-05 16:42:21,225 - INFO - Изображение 'heart_button.png' найдено. Кликаю в (245, 1084).
2025-11-05 16:42:21,741 - INFO - Успешно кликнули на сердце.
2025-11-05 16:42:22,676 - INFO - Завершение полного цикла, начинаем заново...
2025-11-05 16:42:22,681 - INFO - Внутренний цикл: 1 Alt+Tab
2025-11-05 16:42:24,785 - INFO - Проверка на наличие рекламы...
2025-11-05 16:42:26,066 - INFO - Реклама не обнаружена.
2025-11-05 16:42:26,069 - INFO - Поиск изображения 'heart_button.png' в нижней части экрана...
2025-11-05 16:42:26,149 - INFO - Начинаю поиск изображения heart_button.png... Это может занять время.
2025-11-05 16:42:27,058 - INFO - Изображение найдено в (343, 1159)
2025-11-05 16:42:27,060 - INFO - Изображение 'heart_button.png' найдено. Кликаю в (343, 1159).
2025-11-05 16:42:27,594 - INFO - Успешно кликнули на сердце.
2025-11-05 16:42:28,676 - INFO - Завершение полного цикла, начинаем заново...
2025-11-05 16:42:28,683 - INFO - Внутренний цикл: 1 Alt+Tab
2025-11-05 16:42:30,840 - INFO - Проверка на наличие рекламы...
2025-11-05 16:42:32,154 - INFO - Реклама не обнаружена.
2025-11-05 16:42:32,156 - INFO - Поиск изображения 'heart_button.png' в нижней части экрана...
2025-11-05 16:42:32,234 - INFO - Начинаю поиск изображения heart_button.png... Это может занять время.
2025-11-05 16:42:34,395 - INFO - Изображение найдено в (245, 1084)
2025-11-05 16:42:34,396 - INFO - Изображение 'heart_button.png' найдено. Кликаю в (245, 1084).
2025-11-05 16:42:34,929 - INFO - Успешно кликнули на сердце.
2025-11-05 16:42:35,726 - INFO - Завершение полного цикла, начинаем заново...
2025-11-05 16:42:35,728 - INFO - Внутренний цикл: 1 Alt+Tab
2025-11-05 16:42:37,829 - INFO - Проверка на наличие рекламы...
2025-11-05 16:42:39,215 - INFO - Реклама не обнаружена.
2025-11-05 16:42:39,217 - INFO - Поиск изображения 'heart_button.png' в нижней части экрана...
2025-11-05 16:42:39,300 - INFO - Начинаю поиск изображения heart_button.png... Это может занять время.
2025-11-05 16:42:41,233 - INFO - Изображение найдено в (373, 1159)
2025-11-05 16:42:41,234 - INFO - Изображение 'heart_button.png' найдено. Кликаю в (373, 1159).
2025-11-05 16:42:41,753 - INFO - Успешно кликнули на сердце.
2025-11-05 16:42:42,455 - INFO - Завершение полного цикла, начинаем заново...
2025-11-05 16:42:42,456 - INFO - Внутренний цикл: 1 Alt+Tab
2025-11-05 16:42:44,559 - INFO - Проверка на наличие рекламы...
2025-11-05 16:42:45,867 - INFO - Реклама не обнаружена.
2025-11-05 16:42:45,870 - INFO - Поиск изображения 'heart_button.png' в нижней части экрана...
2025-11-05 16:42:45,956 - INFO - Начинаю поиск изображения heart_button.png... Это может занять время.
2025-11-05 16:42:48,364 - INFO - Изображение найдено в (265, 1084)
2025-11-05 16:42:48,366 - INFO - Изображение 'heart_button.png' найдено. Кликаю в (265, 1084).
2025-11-05 16:42:48,897 - INFO - Успешно кликнули на сердце.
2025-11-05 16:42:49,742 - INFO - Завершение полного цикла, начинаем заново...
2025-11-05 16:42:49,745 - INFO - Внутренний цикл: 1 Alt+Tab
2025-11-05 16:42:51,961 - INFO - Проверка на наличие рекламы...
2025-11-05 16:42:53,128 - INFO - Реклама не обнаружена.
2025-11-05 16:42:53,130 - INFO - Поиск изображения 'heart_button.png' в нижней части экрана...
2025-11-05 16:42:53,219 - INFO - Начинаю поиск изображения heart_button.png... Это может занять время.
2025-11-05 16:42:54,888 - INFO - Изображение найдено в (353, 1102)
2025-11-05 16:42:54,890 - INFO - Изображение 'heart_button.png' найдено. Кликаю в (353, 1102).
2025-11-05 16:42:55,407 - INFO - Успешно кликнули на сердце.
2025-11-05 16:42:56,093 - INFO - Завершение полного цикла, начинаем заново...
2025-11-05 16:42:56,094 - INFO - Внутренний цикл: 1 Alt+Tab
2025-11-05 16:42:58,264 - INFO - Проверка на наличие рекламы...
2025-11-05 16:42:59,885 - INFO - Найдена кнопка пропуска рекламы 'Пропустить' в (506, 1142). Кликаю.
2025-11-05 16:43:00,914 - INFO - Реклама обработана.
2025-11-05 16:43:00,914 - INFO - Завершение полного цикла, начинаем заново...
2025-11-05 16:43:00,915 - INFO - Внутренний цикл: 1 Alt+Tab
2025-11-05 16:43:03,020 - INFO - Проверка на наличие рекламы...
2025-11-05 16:43:04,440 - INFO - Реклама не обнаружена.
2025-11-05 16:43:04,442 - INFO - Поиск изображения 'heart_button.png' в нижней части экрана...
2025-11-05 16:43:04,515 - INFO - Начинаю поиск изображения heart_button.png... Это может занять время.
2025-11-05 16:43:06,128 - INFO - Изображение найдено в (373, 1159)
2025-11-05 16:43:06,130 - INFO - Изображение 'heart_button.png' найдено. Кликаю в (373, 1159).
2025-11-05 16:43:06,639 - INFO - Успешно кликнули на сердце.
2025-11-05 16:43:07,528 - INFO - Завершение полного цикла, начинаем заново...
2025-11-05 16:43:07,531 - INFO - Внутренний цикл: 1 Alt+Tab
2025-11-05 16:43:09,622 - INFO - Проверка на наличие рекламы...
2025-11-05 16:43:11,203 - INFO - Реклама не обнаружена.
2025-11-05 16:43:11,205 - INFO - Поиск изображения 'heart_button.png' в нижней части экрана...
2025-11-05 16:43:11,281 - INFO - Начинаю поиск изображения heart_button.png... Это может занять время.
2025-11-05 16:43:13,534 - INFO - Изображение найдено в (247, 1084)
2025-11-05 16:43:13,535 - INFO - Изображение 'heart_button.png' найдено. Кликаю в (247, 1084).
2025-11-05 16:43:14,055 - INFO - Успешно кликнули на сердце.
2025-11-05 16:43:14,739 - INFO - Завершение полного цикла, начинаем заново...
2025-11-05 16:43:14,744 - INFO - Внутренний цикл: 1 Alt+Tab
2025-11-05 16:43:16,894 - INFO - Проверка на наличие рекламы...
2025-11-05 16:43:18,581 - INFO - Реклама не обнаружена.
2025-11-05 16:43:18,583 - INFO - Поиск изображения 'heart_button.png' в нижней части экрана...
2025-11-05 16:43:18,674 - INFO - Начинаю поиск изображения heart_button.png... Это может занять время.
2025-11-05 16:43:21,124 - INFO - Изображение найдено в (373, 1159)
2025-11-05 16:43:21,125 - INFO - Изображение 'heart_button.png' найдено. Кликаю в (373, 1159).
2025-11-05 16:43:21,647 - INFO - Успешно кликнули на сердце.
2025-11-05 16:43:22,456 - INFO - Завершение полного цикла, начинаем заново...
2025-11-05 16:43:22,457 - INFO - Внутренний цикл: 1 Alt+Tab
2025-11-05 16:43:24,640 - INFO - Проверка на наличие рекламы...
2025-11-05 16:43:25,982 - INFO - Реклама не обнаружена.
2025-11-05 16:43:25,984 - INFO - Поиск изображения 'heart_button.png' в нижней части экрана...
2025-11-05 16:43:26,055 - INFO - Начинаю поиск изображения heart_button.png... Это может занять время.
2025-11-05 16:43:28,925 - INFO - Изображение найдено в (265, 1084)
2025-11-05 16:43:28,927 - INFO - Изображение 'heart_button.png' найдено. Кликаю в (265, 1084).
2025-11-05 16:43:29,453 - INFO - Успешно кликнули на сердце.
2025-11-05 16:43:30,326 - INFO - Завершение полного цикла, начинаем заново...
2025-11-05 16:43:30,328 - INFO - Внутренний цикл: 1 Alt+Tab
2025-11-05 16:43:32,473 - INFO - Проверка на наличие рекламы...
2025-11-05 16:43:33,875 - INFO - Реклама не обнаружена.
2025-11-05 16:43:33,877 - INFO - Поиск изображения 'heart_button.png' в нижней части экрана...
2025-11-05 16:43:33,949 - INFO - Начинаю поиск изображения heart_button.png... Это может занять время.
2025-11-05 16:43:36,055 - INFO - Изображение найдено в (353, 1040)
2025-11-05 16:43:36,056 - INFO - Изображение 'heart_button.png' найдено. Кликаю в (353, 1040).
2025-11-05 16:43:36,587 - INFO - Успешно кликнули на сердце.
2025-11-05 16:43:37,255 - INFO - Завершение полного цикла, начинаем заново...
2025-11-05 16:43:37,256 - INFO - Внутренний цикл: 1 Alt+Tab
2025-11-05 16:43:39,372 - INFO - Проверка на наличие рекламы...
2025-11-05 16:43:40,903 - INFO - Реклама не обнаружена.
2025-11-05 16:43:40,905 - INFO - Поиск изображения 'heart_button.png' в нижней части экрана...
2025-11-05 16:43:40,970 - INFO - Начинаю поиск изображения heart_button.png... Это может занять время.
2025-11-05 16:43:44,031 - INFO - Изображение найдено в (265, 1084)
2025-11-05 16:43:44,032 - INFO - Изображение 'heart_button.png' найдено. Кликаю в (265, 1084).
2025-11-05 16:43:44,555 - INFO - Успешно кликнули на сердце.
2025-11-05 16:43:45,405 - INFO - Завершение полного цикла, начинаем заново...
2025-11-05 16:43:45,408 - INFO - Внутренний цикл: 1 Alt+Tab
2025-11-05 16:43:47,553 - INFO - Проверка на наличие рекламы...
2025-11-05 16:43:48,892 - INFO - Реклама не обнаружена.
2025-11-05 16:43:48,893 - INFO - Поиск изображения 'heart_button.png' в нижней части экрана...
2025-11-05 16:43:48,980 - INFO - Начинаю поиск изображения heart_button.png... Это может занять время.
2025-11-05 16:43:50,648 - INFO - Изображение найдено в (354, 1159)
2025-11-05 16:43:50,650 - INFO - Изображение 'heart_button.png' найдено. Кликаю в (354, 1159).
2025-11-05 16:43:51,182 - INFO - Успешно кликнули на сердце.
2025-11-05 16:43:51,812 - INFO - Завершение полного цикла, начинаем заново...
2025-11-05 16:43:51,813 - INFO - Внутренний цикл: 1 Alt+Tab
2025-11-05 16:43:53,963 - INFO - Проверка на наличие рекламы...
2025-11-05 16:43:55,334 - INFO - Реклама не обнаружена.
2025-11-05 16:43:55,336 - INFO - Поиск изображения 'heart_button.png' в нижней части экрана...
2025-11-05 16:43:55,410 - INFO - Начинаю поиск изображения heart_button.png... Это может занять время.
2025-11-05 16:43:57,280 - INFO - Изображение найдено в (246, 1084)
2025-11-05 16:43:57,281 - INFO - Изображение 'heart_button.png' найдено. Кликаю в (246, 1084).
2025-11-05 16:43:57,812 - INFO - Успешно кликнули на сердце.
2025-11-05 16:43:58,918 - INFO - Завершение полного цикла, начинаем заново...
2025-11-05 16:43:58,920 - INFO - Внутренний цикл: 1 Alt+Tab
2025-11-05 16:44:01,114 - INFO - Проверка на наличие рекламы...
2025-11-05 16:44:02,487 - INFO - Реклама не обнаружена.
2025-11-05 16:44:02,489 - INFO - Поиск изображения 'heart_button.png' в нижней части экрана...
2025-11-05 16:44:02,556 - INFO - Начинаю поиск изображения heart_button.png... Это может занять время.
2025-11-05 16:44:04,743 - INFO - Изображение найдено в (343, 1159)
2025-11-05 16:44:04,744 - INFO - Изображение 'heart_button.png' найдено. Кликаю в (343, 1159).
2025-11-05 16:44:05,266 - INFO - Успешно кликнули на сердце.
2025-11-05 16:44:06,107 - INFO - Завершение полного цикла, начинаем заново...
2025-11-05 16:44:06,109 - INFO - Внутренний цикл: 1 Alt+Tab
2025-11-05 16:44:08,300 - INFO - Проверка на наличие рекламы...
2025-11-05 16:44:09,592 - INFO - Реклама не обнаружена.
2025-11-05 16:44:09,594 - INFO - Поиск изображения 'heart_button.png' в нижней части экрана...
2025-11-05 16:44:09,681 - INFO - Начинаю поиск изображения heart_button.png... Это может занять время.
2025-11-05 16:44:11,806 - INFO - Изображение найдено в (235, 1084)
2025-11-05 16:44:11,807 - INFO - Изображение 'heart_button.png' найдено. Кликаю в (235, 1084).
2025-11-05 16:44:12,339 - INFO - Успешно кликнули на сердце.
2025-11-05 16:44:13,293 - INFO - Завершение полного цикла, начинаем заново...
2025-11-05 16:44:13,294 - INFO - Внутренний цикл: 1 Alt+Tab
2025-11-05 16:44:15,475 - INFO - Проверка на наличие рекламы...
2025-11-05 16:44:16,761 - INFO - Реклама не обнаружена.
2025-11-05 16:44:16,763 - INFO - Поиск изображения 'heart_button.png' в нижней части экрана...
2025-11-05 16:44:16,842 - INFO - Начинаю поиск изображения heart_button.png... Это может занять время.
2025-11-05 16:44:18,973 - INFO - Изображение найдено в (353, 1159)
2025-11-05 16:44:18,974 - INFO - Изображение 'heart_button.png' найдено. Кликаю в (353, 1159).
2025-11-05 16:44:19,480 - INFO - Успешно кликнули на сердце.
2025-11-05 16:44:20,150 - INFO - Завершение полного цикла, начинаем заново...
2025-11-05 16:44:20,151 - INFO - Внутренний цикл: 1 Alt+Tab
2025-11-05 16:44:22,352 - INFO - Проверка на наличие рекламы...
2025-11-05 16:44:23,662 - INFO - Реклама не обнаружена.
2025-11-05 16:44:23,664 - INFO - Поиск изображения 'heart_button.png' в нижней части экрана...
2025-11-05 16:44:23,747 - INFO - Начинаю поиск изображения heart_button.png... Это может занять время.
2025-11-05 16:44:25,593 - INFO - Изображение найдено в (245, 1084)
2025-11-05 16:44:25,595 - INFO - Изображение 'heart_button.png' найдено. Кликаю в (245, 1084).
2025-11-05 16:44:26,119 - INFO - Успешно кликнули на сердце.
2025-11-05 16:44:26,963 - INFO - Завершение полного цикла, начинаем заново...
2025-11-05 16:44:26,964 - INFO - Внутренний цикл: 1 Alt+Tab
2025-11-05 16:44:29,069 - INFO - Проверка на наличие рекламы...
2025-11-05 16:44:30,484 - INFO - Реклама не обнаружена.
2025-11-05 16:44:30,485 - INFO - Поиск изображения 'heart_button.png' в нижней части экрана...
2025-11-05 16:44:30,561 - INFO - Начинаю поиск изображения heart_button.png... Это может занять время.
2025-11-05 16:44:32,202 - INFO - Изображение найдено в (373, 1159)
2025-11-05 16:44:32,203 - INFO - Изображение 'heart_button.png' найдено. Кликаю в (373, 1159).
2025-11-05 16:44:32,716 - INFO - Успешно кликнули на сердце.
2025-11-05 16:44:33,340 - INFO - Завершение полного цикла, начинаем заново...
2025-11-05 16:44:33,345 - INFO - Внутренний цикл: 1 Alt+Tab
2025-11-05 16:44:35,492 - INFO - Проверка на наличие рекламы...
2025-11-05 16:44:36,864 - INFO - Реклама не обнаружена.
2025-11-05 16:44:36,865 - INFO - Поиск изображения 'heart_button.png' в нижней части экрана...
2025-11-05 16:44:36,942 - INFO - Начинаю поиск изображения heart_button.png... Это может занять время.
2025-11-05 16:44:39,073 - INFO - Изображение найдено в (241, 908)
2025-11-05 16:44:39,074 - INFO - Изображение 'heart_button.png' найдено. Кликаю в (241, 908).
2025-11-05 16:44:39,610 - INFO - Успешно кликнули на сердце.
2025-11-05 16:44:40,563 - INFO - Завершение полного цикла, начинаем заново...
2025-11-05 16:44:40,564 - INFO - Внутренний цикл: 1 Alt+Tab
2025-11-05 16:44:42,772 - INFO - Проверка на наличие рекламы...
2025-11-05 16:44:44,093 - INFO - Реклама не обнаружена.
2025-11-05 16:44:44,095 - INFO - Поиск изображения 'heart_button.png' в нижней части экрана...
2025-11-05 16:44:44,187 - INFO - Начинаю поиск изображения heart_button.png... Это может занять время.
2025-11-05 16:44:46,589 - INFO - Изображение найдено в (373, 1159)
2025-11-05 16:44:46,592 - INFO - Изображение 'heart_button.png' найдено. Кликаю в (373, 1159).
2025-11-05 16:44:47,120 - INFO - Успешно кликнули на сердце.
2025-11-05 16:44:47,761 - INFO - Завершение полного цикла, начинаем заново...
2025-11-05 16:44:47,762 - INFO - Внутренний цикл: 1 Alt+Tab
2025-11-05 16:44:49,968 - INFO - Проверка на наличие рекламы...
2025-11-05 16:44:51,302 - INFO - Реклама не обнаружена.
2025-11-05 16:44:51,304 - INFO - Поиск изображения 'heart_button.png' в нижней части экрана...
2025-11-05 16:44:51,372 - INFO - Начинаю поиск изображения heart_button.png... Это может занять время.
2025-11-05 16:44:54,243 - INFO - Изображение найдено в (265, 1084)
2025-11-05 16:44:54,245 - INFO - Изображение 'heart_button.png' найдено. Кликаю в (265, 1084).
2025-11-05 16:44:54,758 - INFO - Успешно кликнули на сердце.
2025-11-05 16:44:55,533 - INFO - Завершение полного цикла, начинаем заново...
2025-11-05 16:44:55,535 - INFO - Внутренний цикл: 1 Alt+Tab
2025-11-05 16:44:57,748 - INFO - Проверка на наличие рекламы...
2025-11-05 16:44:58,969 - INFO - Реклама не обнаружена.
2025-11-05 16:44:58,971 - INFO - Поиск изображения 'heart_button.png' в нижней части экрана...
2025-11-05 16:44:59,056 - INFO - Начинаю поиск изображения heart_button.png... Это может занять время.
2025-11-05 16:45:00,289 - INFO - Изображение найдено в (353, 1040)
2025-11-05 16:45:00,290 - INFO - Изображение 'heart_button.png' найдено. Кликаю в (353, 1040).
2025-11-05 16:45:00,808 - INFO - Успешно кликнули на сердце.
2025-11-05 16:45:01,762 - INFO - Завершение полного цикла, начинаем заново...
2025-11-05 16:45:01,763 - INFO - Внутренний цикл: 1 Alt+Tab
2025-11-05 16:45:03,956 - INFO - Проверка на наличие рекламы...
2025-11-05 16:45:05,245 - INFO - Реклама не обнаружена.
2025-11-05 16:45:05,248 - INFO - Поиск изображения 'heart_button.png' в нижней части экрана...
2025-11-05 16:45:05,319 - INFO - Начинаю поиск изображения heart_button.png... Это может занять время.
2025-11-05 16:45:07,326 - INFO - Изображение найдено в (245, 1027)
2025-11-05 16:45:07,327 - INFO - Изображение 'heart_button.png' найдено. Кликаю в (245, 1027).
2025-11-05 16:45:07,843 - INFO - Успешно кликнули на сердце.
2025-11-05 16:45:08,465 - INFO - Завершение полного цикла, начинаем заново...
2025-11-05 16:45:08,468 - INFO - Внутренний цикл: 1 Alt+Tab
2025-11-05 16:45:10,649 - INFO - Проверка на наличие рекламы...
2025-11-05 16:45:11,985 - INFO - Реклама не обнаружена.
2025-11-05 16:45:11,987 - INFO - Поиск изображения 'heart_button.png' в нижней части экрана...
2025-11-05 16:45:12,063 - INFO - Начинаю поиск изображения heart_button.png... Это может занять время.
2025-11-05 16:45:13,311 - INFO - Изображение найдено в (355, 1159)
2025-11-05 16:45:13,313 - INFO - Изображение 'heart_button.png' найдено. Кликаю в (355, 1159).
2025-11-05 16:45:13,855 - INFO - Успешно кликнули на сердце.
2025-11-05 16:45:14,713 - INFO - Завершение полного цикла, начинаем заново...
2025-11-05 16:45:14,722 - INFO - Внутренний цикл: 1 Alt+Tab
2025-11-05 16:45:16,926 - INFO - Проверка на наличие рекламы...
2025-11-05 16:45:18,165 - INFO - Реклама не обнаружена.
2025-11-05 16:45:18,167 - INFO - Поиск изображения 'heart_button.png' в нижней части экрана...
2025-11-05 16:45:18,257 - INFO - Начинаю поиск изображения heart_button.png... Это может занять время.
2025-11-05 16:45:20,450 - INFO - Изображение найдено в (245, 1084)
2025-11-05 16:45:20,451 - INFO - Изображение 'heart_button.png' найдено. Кликаю в (245, 1084).
2025-11-05 16:45:20,971 - INFO - Успешно кликнули на сердце.
2025-11-05 16:45:22,026 - INFO - Завершение полного цикла, начинаем заново...
2025-11-05 16:45:22,028 - INFO - Внутренний цикл: 1 Alt+Tab
2025-11-05 16:45:24,128 - INFO - Проверка на наличие рекламы...
2025-11-05 16:45:25,668 - INFO - Найдена кнопка пропуска рекламы 'Пропустить' в (614, 1217). Кликаю.
2025-11-05 16:45:26,713 - INFO - Реклама обработана.
2025-11-05 16:45:26,715 - INFO - Завершение полного цикла, начинаем заново...
2025-11-05 16:45:26,716 - INFO - Внутренний цикл: 1 Alt+Tab
2025-11-05 16:45:28,815 - INFO - Проверка на наличие рекламы...
2025-11-05 16:45:30,103 - INFO - Реклама не обнаружена.
2025-11-05 16:45:30,108 - INFO - Поиск изображения 'heart_button.png' в нижней части экрана...
2025-11-05 16:45:30,189 - INFO - Начинаю поиск изображения heart_button.png... Это может занять время.
2025-11-05 16:45:33,240 - INFO - Изображение найдено в (265, 1084)
2025-11-05 16:45:33,242 - INFO - Изображение 'heart_button.png' найдено. Кликаю в (265, 1084).
2025-11-05 16:45:33,770 - INFO - Успешно кликнули на сердце.
2025-11-05 16:45:34,605 - INFO - Завершение полного цикла, начинаем заново...
2025-11-05 16:45:34,608 - INFO - Внутренний цикл: 1 Alt+Tab
2025-11-05 16:45:36,714 - INFO - Проверка на наличие рекламы...
2025-11-05 16:45:38,227 - INFO - Реклама не обнаружена.
2025-11-05 16:45:38,230 - INFO - Поиск изображения 'heart_button.png' в нижней части экрана...
2025-11-05 16:45:38,304 - INFO - Начинаю поиск изображения heart_button.png... Это может занять время.
2025-11-05 16:45:39,649 - INFO - Изображение найдено в (350, 1159)
2025-11-05 16:45:39,651 - INFO - Изображение 'heart_button.png' найдено. Кликаю в (350, 1159).
2025-11-05 16:45:40,169 - INFO - Успешно кликнули на сердце.
2025-11-05 16:45:41,245 - INFO - Завершение полного цикла, начинаем заново...
2025-11-05 16:45:41,247 - INFO - Внутренний цикл: 1 Alt+Tab
2025-11-05 16:45:43,452 - INFO - Проверка на наличие рекламы...
2025-11-05 16:45:44,851 - INFO - Реклама не обнаружена.
2025-11-05 16:45:44,854 - INFO - Поиск изображения 'heart_button.png' в нижней части экрана...
2025-11-05 16:45:44,926 - INFO - Начинаю поиск изображения heart_button.png... Это может занять время.
2025-11-05 16:45:47,990 - INFO - Изображение найдено в (265, 1084)
2025-11-05 16:45:47,991 - INFO - Изображение 'heart_button.png' найдено. Кликаю в (265, 1084).
2025-11-05 16:45:48,522 - INFO - Успешно кликнули на сердце.
2025-11-05 16:45:49,580 - INFO - Завершение полного цикла, начинаем заново...
2025-11-05 16:45:49,581 - INFO - Внутренний цикл: 1 Alt+Tab
2025-11-05 16:45:51,730 - INFO - Проверка на наличие рекламы...
2025-11-05 16:45:53,113 - INFO - Реклама не обнаружена.
2025-11-05 16:45:53,115 - INFO - Поиск изображения 'heart_button.png' в нижней части экрана...
2025-11-05 16:45:53,183 - INFO - Начинаю поиск изображения heart_button.png... Это может занять время.
2025-11-05 16:45:54,809 - INFO - Изображение найдено в (355, 1102)
2025-11-05 16:45:54,810 - INFO - Изображение 'heart_button.png' найдено. Кликаю в (355, 1102).
2025-11-05 16:45:55,323 - INFO - Успешно кликнули на сердце.
2025-11-05 16:45:56,119 - INFO - Завершение полного цикла, начинаем заново...
2025-11-05 16:45:56,121 - INFO - Внутренний цикл: 1 Alt+Tab
2025-11-05 16:45:58,274 - INFO - Проверка на наличие рекламы...
2025-11-05 16:45:59,457 - INFO - Реклама не обнаружена.
2025-11-05 16:45:59,458 - INFO - Поиск изображения 'heart_button.png' в нижней части экрана...
2025-11-05 16:45:59,550 - INFO - Начинаю поиск изображения heart_button.png... Это может занять время.
2025-11-05 16:46:01,354 - INFO - Изображение найдено в (242, 1084)
2025-11-05 16:46:01,356 - INFO - Изображение 'heart_button.png' найдено. Кликаю в (242, 1084).
2025-11-05 16:46:01,863 - INFO - Успешно кликнули на сердце.
2025-11-05 16:46:02,517 - INFO - Завершение полного цикла, начинаем заново...
2025-11-05 16:46:02,518 - INFO - Внутренний цикл: 1 Alt+Tab
2025-11-05 16:46:04,665 - INFO - Проверка на наличие рекламы...
2025-11-05 16:46:05,939 - INFO - Реклама не обнаружена.
2025-11-05 16:46:05,941 - INFO - Поиск изображения 'heart_button.png' в нижней части экрана...
2025-11-05 16:46:06,030 - INFO - Начинаю поиск изображения heart_button.png... Это может занять время.
2025-11-05 16:46:07,850 - INFO - Изображение найдено в (353, 1102)
2025-11-05 16:46:07,852 - INFO - Изображение 'heart_button.png' найдено. Кликаю в (353, 1102).
2025-11-05 16:46:08,373 - INFO - Успешно кликнули на сердце.
2025-11-05 16:46:09,464 - INFO - Завершение полного цикла, начинаем заново...
2025-11-05 16:46:09,466 - INFO - Внутренний цикл: 1 Alt+Tab
2025-11-05 16:46:11,659 - INFO - Проверка на наличие рекламы...
2025-11-05 16:46:13,023 - INFO - Реклама не обнаружена.
2025-11-05 16:46:13,025 - INFO - Поиск изображения 'heart_button.png' в нижней части экрана...
2025-11-05 16:46:13,111 - INFO - Начинаю поиск изображения heart_button.png... Это может занять время.
2025-11-05 16:46:15,548 - INFO - Изображение найдено в (265, 1084)
2025-11-05 16:46:15,549 - INFO - Изображение 'heart_button.png' найдено. Кликаю в (265, 1084).
2025-11-05 16:46:16,083 - INFO - Успешно кликнули на сердце.
2025-11-05 16:46:16,957 - INFO - Завершение полного цикла, начинаем заново...
2025-11-05 16:46:16,958 - INFO - Внутренний цикл: 1 Alt+Tab
2025-11-05 16:46:19,110 - INFO - Проверка на наличие рекламы...
2025-11-05 16:46:20,366 - INFO - Реклама не обнаружена.
2025-11-05 16:46:20,368 - INFO - Поиск изображения 'heart_button.png' в нижней части экрана...
2025-11-05 16:46:20,460 - INFO - Начинаю поиск изображения heart_button.png... Это может занять время.
2025-11-05 16:46:23,072 - INFO - Изображение найдено в (373, 1102)
2025-11-05 16:46:23,073 - INFO - Изображение 'heart_button.png' найдено. Кликаю в (373, 1102).
2025-11-05 16:46:23,596 - INFO - Успешно кликнули на сердце.
2025-11-05 16:46:24,249 - INFO - Завершение полного цикла, начинаем заново...
2025-11-05 16:46:24,252 - INFO - Внутренний цикл: 1 Alt+Tab
2025-11-05 16:46:26,405 - INFO - Проверка на наличие рекламы...
2025-11-05 16:46:27,792 - INFO - Реклама не обнаружена.
2025-11-05 16:46:27,794 - INFO - Поиск изображения 'heart_button.png' в нижней части экрана...
2025-11-05 16:46:27,873 - INFO - Начинаю поиск изображения heart_button.png... Это может занять время.
2025-11-05 16:46:30,350 - INFO - Изображение найдено в (245, 1084)
2025-11-05 16:46:30,351 - INFO - Изображение 'heart_button.png' найдено. Кликаю в (245, 1084).
2025-11-05 16:46:30,882 - INFO - Успешно кликнули на сердце.
2025-11-05 16:46:31,984 - INFO - Завершение полного цикла, начинаем заново...
2025-11-05 16:46:31,986 - INFO - Внутренний цикл: 1 Alt+Tab
2025-11-05 16:46:34,197 - INFO - Проверка на наличие рекламы...
2025-11-05 16:46:35,521 - INFO - Реклама не обнаружена.
2025-11-05 16:46:35,523 - INFO - Поиск изображения 'heart_button.png' в нижней части экрана...
2025-11-05 16:46:35,590 - INFO - Начинаю поиск изображения heart_button.png... Это может занять время.
2025-11-05 16:46:37,455 - INFO - Изображение найдено в (353, 1159)
2025-11-05 16:46:37,456 - INFO - Изображение 'heart_button.png' найдено. Кликаю в (353, 1159).
2025-11-05 16:46:37,977 - INFO - Успешно кликнули на сердце.
2025-11-05 16:46:38,788 - INFO - Завершение полного цикла, начинаем заново...
2025-11-05 16:46:38,790 - INFO - Внутренний цикл: 1 Alt+Tab
2025-11-05 16:46:40,985 - INFO - Проверка на наличие рекламы...
2025-11-05 16:46:42,533 - INFO - Найдена кнопка пропуска рекламы 'Пропустить' в (506, 1142). Кликаю.
2025-11-05 16:46:43,569 - INFO - Реклама обработана.
2025-11-05 16:46:43,571 - INFO - Завершение полного цикла, начинаем заново...
2025-11-05 16:46:43,571 - INFO - Внутренний цикл: 1 Alt+Tab
2025-11-05 16:46:45,670 - INFO - Проверка на наличие рекламы...
2025-11-05 16:46:46,919 - INFO - Реклама не обнаружена.
2025-11-05 16:46:46,920 - INFO - Поиск изображения 'heart_button.png' в нижней части экрана...
2025-11-05 16:46:47,011 - INFO - Начинаю поиск изображения heart_button.png... Это может занять время.
2025-11-05 16:46:49,898 - INFO - Изображение найдено в (373, 1102)
2025-11-05 16:46:49,899 - INFO - Изображение 'heart_button.png' найдено. Кликаю в (373, 1102).
2025-11-05 16:46:50,408 - INFO - Успешно кликнули на сердце.
2025-11-05 16:46:51,239 - INFO - Завершение полного цикла, начинаем заново...
2025-11-05 16:46:51,240 - INFO - Внутренний цикл: 1 Alt+Tab
2025-11-05 16:46:53,350 - INFO - Проверка на наличие рекламы...
2025-11-05 16:46:54,564 - INFO - Реклама не обнаружена.
2025-11-05 16:46:54,566 - INFO - Поиск изображения 'heart_button.png' в нижней части экрана...
2025-11-05 16:46:54,653 - INFO - Начинаю поиск изображения heart_button.png... Это может занять время.
2025-11-05 16:46:56,555 - INFO - Изображение найдено в (235, 1084)
2025-11-05 16:46:56,556 - INFO - Изображение 'heart_button.png' найдено. Кликаю в (235, 1084).
2025-11-05 16:46:57,071 - INFO - Успешно кликнули на сердце.
2025-11-05 16:46:57,850 - INFO - Завершение полного цикла, начинаем заново...
2025-11-05 16:46:57,854 - INFO - Внутренний цикл: 1 Alt+Tab
2025-11-05 16:47:00,071 - INFO - Проверка на наличие рекламы...
2025-11-05 16:47:01,402 - INFO - Реклама не обнаружена.
2025-11-05 16:47:01,403 - INFO - Поиск изображения 'heart_button.png' в нижней части экрана...
2025-11-05 16:47:01,486 - INFO - Начинаю поиск изображения heart_button.png... Это может занять время.
2025-11-05 16:47:02,718 - INFO - Изображение найдено в (353, 1159)
2025-11-05 16:47:02,719 - INFO - Изображение 'heart_button.png' найдено. Кликаю в (353, 1159).
2025-11-05 16:47:03,233 - INFO - Успешно кликнули на сердце.
2025-11-05 16:47:04,121 - INFO - Завершение полного цикла, начинаем заново...
2025-11-05 16:47:04,122 - INFO - Внутренний цикл: 1 Alt+Tab
2025-11-05 16:47:06,282 - INFO - Проверка на наличие рекламы...
2025-11-05 16:48:12,155 - INFO - Запуск основной программы автоматизации (новая версия)...
2025-11-05 16:48:12,156 - INFO - Поиск окна Telegram...
2025-11-05 16:48:12,174 - INFO - Найден процесс Telegram: Telegram.exe
2025-11-05 16:48:12,175 - INFO - Нажмите 'q' для остановки.
2025-11-05 16:48:14,324 - INFO - Проверка на наличие рекламы...
2025-11-05 16:48:15,814 - INFO - Реклама не обнаружена.
2025-11-05 16:48:15,815 - INFO - Поиск изображения 'heart_button.png' в нижней части экрана...
2025-11-05 16:48:15,885 - INFO - Начинаю поиск изображения heart_button.png... Это может занять время.
2025-11-05 16:48:17,815 - INFO - Изображение найдено в (373, 1102)
2025-11-05 16:48:17,816 - INFO - Изображение 'heart_button.png' найдено. Кликаю в (373, 1102).
2025-11-05 16:48:18,341 - INFO - Успешно кликнули на сердце.
2025-11-05 16:48:18,979 - INFO - Внешний цикл: 2 Alt+Tab
2025-11-05 16:48:21,692 - INFO - Проверка на наличие рекламы...
2025-11-05 16:48:24,882 - INFO - Реклама не обнаружена.
2025-11-05 16:48:24,884 - INFO - Поиск изображения 'heart_button.png' в нижней части экрана...
2025-11-05 16:48:24,963 - INFO - Начинаю поиск изображения heart_button.png... Это может занять время.
2025-11-05 16:48:27,496 - INFO - Изображение найдено в (955, 1027)
2025-11-05 16:48:27,497 - INFO - Изображение 'heart_button.png' найдено. Кликаю в (955, 1027).
2025-11-05 16:48:28,020 - INFO - Успешно кликнули на сердце.
2025-11-05 16:48:28,947 - INFO - Внешний цикл: 3 Alt+Tab
2025-11-05 16:48:32,388 - INFO - Проверка на наличие рекламы...
2025-11-05 16:48:33,788 - INFO - Реклама не обнаружена.
2025-11-05 16:48:33,791 - INFO - Поиск изображения 'heart_button.png' в нижней части экрана...
2025-11-05 16:48:33,867 - INFO - Начинаю поиск изображения heart_button.png... Это может занять время.
2025-11-05 16:48:37,123 - INFO - Изображение найдено в (265, 939)
2025-11-05 16:48:37,125 - INFO - Изображение 'heart_button.png' найдено. Кликаю в (265, 939).
2025-11-05 16:48:37,656 - INFO - Успешно кликнули на сердце.
2025-11-05 16:48:38,821 - INFO - Внутренний цикл: 1 Alt+Tab
2025-11-05 16:48:40,920 - INFO - Проверка на наличие рекламы...
2025-11-05 16:48:44,824 - INFO - Реклама не обнаружена.
2025-11-05 16:48:44,826 - INFO - Поиск изображения 'heart_button.png' в нижней части экрана...
2025-11-05 16:48:44,914 - INFO - Начинаю поиск изображения heart_button.png... Это может занять время.
2025-11-05 16:48:47,146 - INFO - Изображение найдено в (945, 1084)
2025-11-05 16:48:47,148 - INFO - Изображение 'heart_button.png' найдено. Кликаю в (945, 1084).
2025-11-05 16:48:47,668 - INFO - Успешно кликнули на сердце.
2025-11-05 16:48:48,320 - INFO - Внутренний цикл: 2 Alt+Tab
2025-11-05 16:48:51,038 - INFO - Проверка на наличие рекламы...
2025-11-05 16:48:52,267 - INFO - Реклама не обнаружена.
2025-11-05 16:48:52,269 - INFO - Поиск изображения 'heart_button.png' в нижней части экрана...
2025-11-05 16:48:52,360 - INFO - Начинаю поиск изображения heart_button.png... Это может занять время.
2025-11-05 16:48:54,911 - INFO - Изображение найдено в (354, 1159)
2025-11-05 16:48:54,912 - INFO - Изображение 'heart_button.png' найдено. Кликаю в (354, 1159).
2025-11-05 16:48:55,438 - INFO - Успешно кликнули на сердце.
2025-11-05 16:48:56,370 - INFO - Завершение полного цикла, начинаем заново...
2025-11-05 16:48:56,374 - INFO - Внутренний цикл: 1 Alt+Tab
2025-11-05 16:48:58,534 - INFO - Проверка на наличие рекламы...
2025-11-05 16:49:01,347 - INFO - Реклама не обнаружена.
2025-11-05 16:49:01,349 - INFO - Поиск изображения 'heart_button.png' в нижней части экрана...
2025-11-05 16:49:01,429 - INFO - Начинаю поиск изображения heart_button.png... Это может занять время.
2025-11-05 16:49:04,713 - INFO - Изображение найдено в (975, 965)
2025-11-05 16:49:04,715 - INFO - Изображение 'heart_button.png' найдено. Кликаю в (975, 965).
2025-11-05 16:49:05,244 - INFO - Успешно кликнули на сердце.
2025-11-05 16:49:06,144 - INFO - Внутренний цикл: 2 Alt+Tab
2025-11-05 16:49:08,856 - INFO - Проверка на наличие рекламы...
2025-11-05 16:49:10,246 - INFO - Реклама не обнаружена.
2025-11-05 16:49:10,247 - INFO - Поиск изображения 'heart_button.png' в нижней части экрана...
2025-11-05 16:49:10,327 - INFO - Начинаю поиск изображения heart_button.png... Это может занять время.
2025-11-05 16:49:13,258 - INFO - Изображение найдено в (265, 1084)
2025-11-05 16:49:13,260 - INFO - Изображение 'heart_button.png' найдено. Кликаю в (265, 1084).
2025-11-05 16:49:13,789 - INFO - Успешно кликнули на сердце.
2025-11-05 16:49:14,492 - INFO - Завершение полного цикла, начинаем заново...
2025-11-05 16:49:14,494 - INFO - Внутренний цикл: 1 Alt+Tab
2025-11-05 16:49:16,665 - INFO - Проверка на наличие рекламы...
2025-11-05 16:49:19,594 - INFO - Реклама не обнаружена.
2025-11-05 16:49:19,595 - INFO - Поиск изображения 'heart_button.png' в нижней части экрана...
2025-11-05 16:49:19,664 - INFO - Начинаю поиск изображения heart_button.png... Это может занять время.
